This file contains any messages produced by compilers while
running configure, to aid debugging if configure makes a mistake.

It was created by configure, which was
generated by GNU Autoconf 2.69.  Invocation command line was

  $ ./configure 

## --------- ##
## Platform. ##
## --------- ##

hostname = Dexter
uname -m = x86_64
uname -r = 5.4.0-53-generic
uname -s = Linux
uname -v = #59~18.04.1-Ubuntu SMP Wed Oct 21 12:14:56 UTC 2020

/usr/bin/uname -p = unknown
/bin/uname -X     = unknown

/bin/arch              = unknown
/usr/bin/arch -k       = unknown
/usr/convex/getsysinfo = unknown
/usr/bin/hostinfo      = unknown
/bin/machine           = unknown
/usr/bin/oslevel       = unknown
/bin/universe          = unknown

PATH: /home/shubham/go/bin
PATH: /usr/local/go/bin
PATH: /home/shubham/go/bin
PATH: /usr/local/go/bin
PATH: /home/shubham/go/bin
PATH: /usr/local/go/bin
PATH: /usr/local/sbin
PATH: /usr/local/bin
PATH: /usr/sbin
PATH: /usr/bin
PATH: /sbin
PATH: /bin
PATH: /usr/games
PATH: /usr/local/games
PATH: /snap/bin


## ----------- ##
## Core tests. ##
## ----------- ##

configure:2619: checking svn checkout revision
configure:2634: result: 5297M
configure:2672: checking for a BSD-compatible install
configure:2740: result: /usr/bin/install -c
configure:2751: checking whether build environment is sane
configure:2806: result: yes
configure:2957: checking for a thread-safe mkdir -p
configure:2996: result: /bin/mkdir -p
configure:3003: checking for gawk
configure:3019: found /usr/bin/gawk
configure:3030: result: gawk
configure:3041: checking whether make sets $(MAKE)
configure:3063: result: yes
configure:3092: checking whether make supports nested variables
configure:3109: result: yes
configure:3302: checking build system type
configure:3316: result: x86_64-unknown-linux-gnu
configure:3336: checking host system type
configure:3349: result: x86_64-unknown-linux-gnu
configure:3390: checking how to print strings
configure:3417: result: printf
configure:3450: checking for style of include used by make
configure:3478: result: GNU
configure:3549: checking for gcc
configure:3565: found /usr/bin/gcc
configure:3576: result: gcc
configure:3805: checking for C compiler version
configure:3814: gcc --version >&5
gcc (Ubuntu 7.5.0-3ubuntu1~18.04) 7.5.0
Copyright (C) 2017 Free Software Foundation, Inc.
This is free software; see the source for copying conditions.  There is NO
warranty; not even for MERCHANTABILITY or FITNESS FOR A PARTICULAR PURPOSE.

configure:3825: $? = 0
configure:3814: gcc -v >&5
Using built-in specs.
COLLECT_GCC=gcc
COLLECT_LTO_WRAPPER=/usr/lib/gcc/x86_64-linux-gnu/7/lto-wrapper
OFFLOAD_TARGET_NAMES=nvptx-none
OFFLOAD_TARGET_DEFAULT=1
Target: x86_64-linux-gnu
Configured with: ../src/configure -v --with-pkgversion='Ubuntu 7.5.0-3ubuntu1~18.04' --with-bugurl=file:///usr/share/doc/gcc-7/README.Bugs --enable-languages=c,ada,c++,go,brig,d,fortran,objc,obj-c++ --prefix=/usr --with-gcc-major-version-only --program-suffix=-7 --program-prefix=x86_64-linux-gnu- --enable-shared --enable-linker-build-id --libexecdir=/usr/lib --without-included-gettext --enable-threads=posix --libdir=/usr/lib --enable-nls --enable-bootstrap --enable-clocale=gnu --enable-libstdcxx-debug --enable-libstdcxx-time=yes --with-default-libstdcxx-abi=new --enable-gnu-unique-object --disable-vtable-verify --enable-libmpx --enable-plugin --enable-default-pie --with-system-zlib --with-target-system-zlib --enable-objc-gc=auto --enable-multiarch --disable-werror --with-arch-32=i686 --with-abi=m64 --with-multilib-list=m32,m64,mx32 --enable-multilib --with-tune=generic --enable-offload-targets=nvptx-none --without-cuda-driver --enable-checking=release --build=x86_64-linux-gnu --host=x86_64-linux-gnu --target=x86_64-linux-gnu
Thread model: posix
gcc version 7.5.0 (Ubuntu 7.5.0-3ubuntu1~18.04) 
configure:3825: $? = 0
configure:3814: gcc -V >&5
gcc: error: unrecognized command line option '-V'
gcc: fatal error: no input files
compilation terminated.
configure:3825: $? = 1
configure:3814: gcc -qversion >&5
gcc: error: unrecognized command line option '-qversion'; did you mean '--version'?
gcc: fatal error: no input files
compilation terminated.
configure:3825: $? = 1
configure:3845: checking whether the C compiler works
configure:3867: gcc    conftest.c  >&5
configure:3871: $? = 0
configure:3919: result: yes
configure:3922: checking for C compiler default output file name
configure:3924: result: a.out
configure:3930: checking for suffix of executables
configure:3937: gcc -o conftest    conftest.c  >&5
configure:3941: $? = 0
configure:3963: result: 
configure:3985: checking whether we are cross compiling
configure:3993: gcc -o conftest    conftest.c  >&5
configure:3997: $? = 0
configure:4004: ./conftest
configure:4008: $? = 0
configure:4023: result: no
configure:4028: checking for suffix of object files
configure:4050: gcc -c   conftest.c >&5
configure:4054: $? = 0
configure:4075: result: o
configure:4079: checking whether we are using the GNU C compiler
configure:4098: gcc -c   conftest.c >&5
configure:4098: $? = 0
configure:4107: result: yes
configure:4116: checking whether gcc accepts -g
configure:4136: gcc -c -g  conftest.c >&5
configure:4136: $? = 0
configure:4177: result: yes
configure:4194: checking for gcc option to accept ISO C89
configure:4257: gcc  -c -g -O2  conftest.c >&5
configure:4257: $? = 0
configure:4270: result: none needed
configure:4295: checking whether gcc understands -c and -o together
configure:4317: gcc -c conftest.c -o conftest2.o
configure:4320: $? = 0
configure:4317: gcc -c conftest.c -o conftest2.o
configure:4320: $? = 0
configure:4332: result: yes
configure:4351: checking dependency style of gcc
configure:4462: result: gcc3
configure:4477: checking for a sed that does not truncate output
configure:4541: result: /bin/sed
configure:4559: checking for grep that handles long lines and -e
configure:4617: result: /bin/grep
configure:4622: checking for egrep
configure:4684: result: /bin/grep -E
configure:4689: checking for fgrep
configure:4751: result: /bin/grep -F
configure:4786: checking for ld used by gcc
configure:4853: result: /usr/bin/ld
configure:4860: checking if the linker (/usr/bin/ld) is GNU ld
configure:4875: result: yes
configure:4887: checking for BSD- or MS-compatible name lister (nm)
configure:4941: result: /usr/bin/nm -B
configure:5071: checking the name lister (/usr/bin/nm -B) interface
configure:5078: gcc -c -g -O2  conftest.c >&5
configure:5081: /usr/bin/nm -B "conftest.o"
configure:5084: output
0000000000000000 B some_variable
configure:5091: result: BSD nm
configure:5094: checking whether ln -s works
configure:5098: result: yes
configure:5106: checking the maximum length of command line arguments
configure:5237: result: 1572864
configure:5285: checking how to convert x86_64-unknown-linux-gnu file names to x86_64-unknown-linux-gnu format
configure:5325: result: func_convert_file_noop
configure:5332: checking how to convert x86_64-unknown-linux-gnu file names to toolchain format
configure:5352: result: func_convert_file_noop
configure:5359: checking for /usr/bin/ld option to reload object files
configure:5366: result: -r
configure:5440: checking for objdump
configure:5456: found /usr/bin/objdump
configure:5467: result: objdump
configure:5499: checking how to recognize dependent libraries
configure:5699: result: pass_all
configure:5784: checking for dlltool
configure:5814: result: no
configure:5844: checking how to associate runtime and link libraries
configure:5871: result: printf %s\n
configure:5932: checking for ar
configure:5948: found /usr/bin/ar
configure:5959: result: ar
configure:5996: checking for archiver @FILE support
configure:6013: gcc -c -g -O2  conftest.c >&5
configure:6013: $? = 0
configure:6016: ar cru libconftest.a @conftest.lst >&5
ar: `u' modifier ignored since `D' is the default (see `U')
configure:6019: $? = 0
configure:6024: ar cru libconftest.a @conftest.lst >&5
ar: `u' modifier ignored since `D' is the default (see `U')
ar: conftest.o: No such file or directory
configure:6027: $? = 1
configure:6039: result: @
configure:6097: checking for strip
configure:6113: found /usr/bin/strip
configure:6124: result: strip
configure:6196: checking for ranlib
configure:6212: found /usr/bin/ranlib
configure:6223: result: ranlib
configure:6325: checking command to parse /usr/bin/nm -B output from gcc object
configure:6478: gcc -c -g -O2  conftest.c >&5
configure:6481: $? = 0
configure:6485: /usr/bin/nm -B conftest.o \| sed -n -e 's/^.*[ ]\([ABCDGIRSTW][ABCDGIRSTW]*\)[ ][ ]*\([_A-Za-z][_A-Za-z0-9]*\)$/\1 \2 \2/p' | sed '/ __gnu_lto/d' \> conftest.nm
configure:6488: $? = 0
configure:6554: gcc -o conftest -g -O2   conftest.c conftstm.o >&5
configure:6557: $? = 0
configure:6595: result: ok
configure:6642: checking for sysroot
configure:6672: result: no
configure:6679: checking for a working dd
configure:6717: result: /bin/dd
configure:6721: checking how to truncate binary pipes
configure:6736: result: /bin/dd bs=4096 count=1
configure:6872: gcc -c -g -O2  conftest.c >&5
configure:6875: $? = 0
configure:7065: checking for mt
configure:7081: found /bin/mt
configure:7092: result: mt
configure:7115: checking if mt is a manifest tool
configure:7121: mt '-?'
configure:7129: result: no
configure:7806: checking how to run the C preprocessor
configure:7837: gcc -E  conftest.c
configure:7837: $? = 0
configure:7851: gcc -E  conftest.c
conftest.c:13:10: fatal error: ac_nonexistent.h: No such file or directory
 #include <ac_nonexistent.h>
          ^~~~~~~~~~~~~~~~~~
compilation terminated.
configure:7851: $? = 1
configure: failed program was:
| /* confdefs.h */
| #define PACKAGE_NAME ""
| #define PACKAGE_TARNAME ""
| #define PACKAGE_VERSION ""
| #define PACKAGE_STRING ""
| #define PACKAGE_BUGREPORT ""
| #define PACKAGE_URL ""
| #define GW_NAME "Kannel"
| #define GW_VERSION "svn-r5297M"
| #define PACKAGE "Kannel"
| #define VERSION "svn-r5297M"
| /* end confdefs.h.  */
| #include <ac_nonexistent.h>
configure:7876: result: gcc -E
configure:7896: gcc -E  conftest.c
configure:7896: $? = 0
configure:7910: gcc -E  conftest.c
conftest.c:13:10: fatal error: ac_nonexistent.h: No such file or directory
 #include <ac_nonexistent.h>
          ^~~~~~~~~~~~~~~~~~
compilation terminated.
configure:7910: $? = 1
configure: failed program was:
| /* confdefs.h */
| #define PACKAGE_NAME ""
| #define PACKAGE_TARNAME ""
| #define PACKAGE_VERSION ""
| #define PACKAGE_STRING ""
| #define PACKAGE_BUGREPORT ""
| #define PACKAGE_URL ""
| #define GW_NAME "Kannel"
| #define GW_VERSION "svn-r5297M"
| #define PACKAGE "Kannel"
| #define VERSION "svn-r5297M"
| /* end confdefs.h.  */
| #include <ac_nonexistent.h>
configure:7939: checking for ANSI C header files
configure:7959: gcc -c -g -O2  conftest.c >&5
configure:7959: $? = 0
configure:8032: gcc -o conftest -g -O2   conftest.c  >&5
configure:8032: $? = 0
configure:8032: ./conftest
configure:8032: $? = 0
configure:8043: result: yes
configure:8056: checking for sys/types.h
configure:8056: gcc -c -g -O2  conftest.c >&5
configure:8056: $? = 0
configure:8056: result: yes
configure:8056: checking for sys/stat.h
configure:8056: gcc -c -g -O2  conftest.c >&5
configure:8056: $? = 0
configure:8056: result: yes
configure:8056: checking for stdlib.h
configure:8056: gcc -c -g -O2  conftest.c >&5
configure:8056: $? = 0
configure:8056: result: yes
configure:8056: checking for string.h
configure:8056: gcc -c -g -O2  conftest.c >&5
configure:8056: $? = 0
configure:8056: result: yes
configure:8056: checking for memory.h
configure:8056: gcc -c -g -O2  conftest.c >&5
configure:8056: $? = 0
configure:8056: result: yes
configure:8056: checking for strings.h
configure:8056: gcc -c -g -O2  conftest.c >&5
configure:8056: $? = 0
configure:8056: result: yes
configure:8056: checking for inttypes.h
configure:8056: gcc -c -g -O2  conftest.c >&5
configure:8056: $? = 0
configure:8056: result: yes
configure:8056: checking for stdint.h
configure:8056: gcc -c -g -O2  conftest.c >&5
configure:8056: $? = 0
configure:8056: result: yes
configure:8056: checking for unistd.h
configure:8056: gcc -c -g -O2  conftest.c >&5
configure:8056: $? = 0
configure:8056: result: yes
configure:8070: checking for dlfcn.h
configure:8070: gcc -c -g -O2  conftest.c >&5
configure:8070: $? = 0
configure:8070: result: yes
configure:8296: checking for objdir
configure:8311: result: .libs
configure:8571: checking if gcc supports -fno-rtti -fno-exceptions
configure:8589: gcc -c -g -O2  -fno-rtti -fno-exceptions conftest.c >&5
cc1: warning: command line option '-fno-rtti' is valid for C++/ObjC++ but not for C
configure:8593: $? = 0
configure:8606: result: no
configure:8964: checking for gcc option to produce PIC
configure:8971: result: -fPIC -DPIC
configure:8979: checking if gcc PIC flag -fPIC -DPIC works
configure:8997: gcc -c -g -O2  -fPIC -DPIC -DPIC conftest.c >&5
configure:9001: $? = 0
configure:9014: result: yes
configure:9043: checking if gcc static flag -static works
configure:9071: result: yes
configure:9086: checking if gcc supports -c -o file.o
configure:9107: gcc -c -g -O2  -o out/conftest2.o conftest.c >&5
configure:9111: $? = 0
configure:9133: result: yes
configure:9141: checking if gcc supports -c -o file.o
configure:9188: result: yes
configure:9221: checking whether the gcc linker (/usr/bin/ld -m elf_x86_64) supports shared libraries
configure:10484: result: yes
configure:10521: checking whether -lc should be explicitly linked in
configure:10529: gcc -c -g -O2  conftest.c >&5
configure:10532: $? = 0
configure:10547: gcc -shared  -fPIC -DPIC conftest.o  -v -Wl,-soname -Wl,conftest -o conftest 2\>\&1 \| /bin/grep  -lc  \>/dev/null 2\>\&1
configure:10550: $? = 0
configure:10564: result: no
configure:10724: checking dynamic linker characteristics
configure:11305: gcc -o conftest -g -O2   -Wl,-rpath -Wl,/foo conftest.c  >&5
configure:11305: $? = 0
configure:11554: result: GNU/Linux ld.so
configure:11676: checking how to hardcode library paths into programs
configure:11701: result: immediate
configure:12249: checking whether stripping libraries is possible
configure:12254: result: yes
configure:12289: checking if libtool supports shared libraries
configure:12291: result: yes
configure:12294: checking whether to build shared libraries
configure:12319: result: yes
configure:12322: checking whether to build static libraries
configure:12326: result: no
configure:12430: checking for gcc
configure:12457: result: gcc
configure:12686: checking for C compiler version
configure:12695: gcc --version >&5
gcc (Ubuntu 7.5.0-3ubuntu1~18.04) 7.5.0
Copyright (C) 2017 Free Software Foundation, Inc.
This is free software; see the source for copying conditions.  There is NO
warranty; not even for MERCHANTABILITY or FITNESS FOR A PARTICULAR PURPOSE.

configure:12706: $? = 0
configure:12695: gcc -v >&5
Using built-in specs.
COLLECT_GCC=gcc
COLLECT_LTO_WRAPPER=/usr/lib/gcc/x86_64-linux-gnu/7/lto-wrapper
OFFLOAD_TARGET_NAMES=nvptx-none
OFFLOAD_TARGET_DEFAULT=1
Target: x86_64-linux-gnu
Configured with: ../src/configure -v --with-pkgversion='Ubuntu 7.5.0-3ubuntu1~18.04' --with-bugurl=file:///usr/share/doc/gcc-7/README.Bugs --enable-languages=c,ada,c++,go,brig,d,fortran,objc,obj-c++ --prefix=/usr --with-gcc-major-version-only --program-suffix=-7 --program-prefix=x86_64-linux-gnu- --enable-shared --enable-linker-build-id --libexecdir=/usr/lib --without-included-gettext --enable-threads=posix --libdir=/usr/lib --enable-nls --enable-bootstrap --enable-clocale=gnu --enable-libstdcxx-debug --enable-libstdcxx-time=yes --with-default-libstdcxx-abi=new --enable-gnu-unique-object --disable-vtable-verify --enable-libmpx --enable-plugin --enable-default-pie --with-system-zlib --with-target-system-zlib --enable-objc-gc=auto --enable-multiarch --disable-werror --with-arch-32=i686 --with-abi=m64 --with-multilib-list=m32,m64,mx32 --enable-multilib --with-tune=generic --enable-offload-targets=nvptx-none --without-cuda-driver --enable-checking=release --build=x86_64-linux-gnu --host=x86_64-linux-gnu --target=x86_64-linux-gnu
Thread model: posix
gcc version 7.5.0 (Ubuntu 7.5.0-3ubuntu1~18.04) 
configure:12706: $? = 0
configure:12695: gcc -V >&5
gcc: error: unrecognized command line option '-V'
gcc: fatal error: no input files
compilation terminated.
configure:12706: $? = 1
configure:12695: gcc -qversion >&5
gcc: error: unrecognized command line option '-qversion'; did you mean '--version'?
gcc: fatal error: no input files
compilation terminated.
configure:12706: $? = 1
configure:12710: checking whether we are using the GNU C compiler
configure:12738: result: yes
configure:12747: checking whether gcc accepts -g
configure:12808: result: yes
configure:12825: checking for gcc option to accept ISO C89
configure:12901: result: none needed
configure:12926: checking whether gcc understands -c and -o together
configure:12963: result: yes
configure:12982: checking dependency style of gcc
configure:13093: result: gcc3
configure:13108: checking for gcc option to accept ISO C99
configure:13257: gcc  -c -g -O2  conftest.c >&5
configure:13257: $? = 0
configure:13270: result: none needed
configure:13293: checking for bison
configure:13309: found /usr/local/bin/bison
configure:13320: result: bison -y
configure:13336: checking for flex
configure:13366: result: no
configure:13336: checking for lex
configure:13366: result: no
configure:13493: checking for convert
configure:13511: found /usr/bin/convert
configure:13523: result: /usr/bin/convert
configure:13533: checking for perl
configure:13551: found /usr/bin/perl
configure:13563: result: /usr/bin/perl
configure:13695: checking for inline
configure:13711: gcc -c -g -O2 -D_XOPEN_SOURCE=600 -D_BSD_SOURCE -D_DEFAULT_SOURCE  conftest.c >&5
configure:13711: $? = 0
configure:13719: result: inline
configure:13746: checking for special C compiler options needed for large files
configure:13791: result: no
configure:13797: checking for _FILE_OFFSET_BITS value needed for large files
configure:13822: gcc -c -g -O2 -D_XOPEN_SOURCE=600 -D_BSD_SOURCE -D_DEFAULT_SOURCE  conftest.c >&5
configure:13822: $? = 0
configure:13854: result: no
configure:13951: checking size of short
configure:13956: gcc -o conftest -g -O2 -D_XOPEN_SOURCE=600 -D_BSD_SOURCE -D_DEFAULT_SOURCE -D_LARGE_FILES=   -rdynamic conftest.c  >&5
configure:13956: $? = 0
configure:13956: ./conftest
configure:13956: $? = 0
configure:13970: result: 2
configure:13984: checking size of int
configure:13989: gcc -o conftest -g -O2 -D_XOPEN_SOURCE=600 -D_BSD_SOURCE -D_DEFAULT_SOURCE -D_LARGE_FILES=   -rdynamic conftest.c  >&5
configure:13989: $? = 0
configure:13989: ./conftest
configure:13989: $? = 0
configure:14003: result: 4
configure:14017: checking size of long
configure:14022: gcc -o conftest -g -O2 -D_XOPEN_SOURCE=600 -D_BSD_SOURCE -D_DEFAULT_SOURCE -D_LARGE_FILES=   -rdynamic conftest.c  >&5
configure:14022: $? = 0
configure:14022: ./conftest
configure:14022: $? = 0
configure:14036: result: 8
configure:14050: checking size of long long
configure:14055: gcc -o conftest -g -O2 -D_XOPEN_SOURCE=600 -D_BSD_SOURCE -D_DEFAULT_SOURCE -D_LARGE_FILES=   -rdynamic conftest.c  >&5
configure:14055: $? = 0
configure:14055: ./conftest
configure:14055: $? = 0
configure:14069: result: 8
configure:14089: checking for log in -lm
configure:14114: gcc -o conftest -g -O2 -D_XOPEN_SOURCE=600 -D_BSD_SOURCE -D_DEFAULT_SOURCE -D_LARGE_FILES=   -rdynamic conftest.c -lm   >&5
conftest.c:36:6: warning: conflicting types for built-in function 'log' [-Wbuiltin-declaration-mismatch]
 char log ();
      ^~~
configure:14114: $? = 0
configure:14123: result: yes
configure:14134: checking for accept in -lsocket
configure:14159: gcc -o conftest -g -O2 -D_XOPEN_SOURCE=600 -D_BSD_SOURCE -D_DEFAULT_SOURCE -D_LARGE_FILES=   -rdynamic conftest.c -lsocket  -lm  >&5
/usr/bin/ld: cannot find -lsocket
collect2: error: ld returned 1 exit status
configure:14159: $? = 1
configure: failed program was:
| /* confdefs.h */
| #define PACKAGE_NAME ""
| #define PACKAGE_TARNAME ""
| #define PACKAGE_VERSION ""
| #define PACKAGE_STRING ""
| #define PACKAGE_BUGREPORT ""
| #define PACKAGE_URL ""
| #define GW_NAME "Kannel"
| #define GW_VERSION "svn-r5297M"
| #define PACKAGE "Kannel"
| #define VERSION "svn-r5297M"
| #define STDC_HEADERS 1
| #define HAVE_SYS_TYPES_H 1
| #define HAVE_SYS_STAT_H 1
| #define HAVE_STDLIB_H 1
| #define HAVE_STRING_H 1
| #define HAVE_MEMORY_H 1
| #define HAVE_STRINGS_H 1
| #define HAVE_INTTYPES_H 1
| #define HAVE_STDINT_H 1
| #define HAVE_UNISTD_H 1
| #define HAVE_DLFCN_H 1
| #define LT_OBJDIR ".libs/"
| #define SIZEOF_SHORT 2
| #define SIZEOF_INT 4
| #define SIZEOF_LONG 8
| #define SIZEOF_LONG_LONG 8
| #define HAVE_LIBM 1
| /* end confdefs.h.  */
| 
| /* Override any GCC internal prototype to avoid an error.
|    Use char because int might match the return type of a GCC
|    builtin and then its argument prototype would still apply.  */
| #ifdef __cplusplus
| extern "C"
| #endif
| char accept ();
| int
| main ()
| {
| return accept ();
|   ;
|   return 0;
| }
configure:14168: result: no
configure:14179: checking for inet_ntoa in -lnsl
configure:14204: gcc -o conftest -g -O2 -D_XOPEN_SOURCE=600 -D_BSD_SOURCE -D_DEFAULT_SOURCE -D_LARGE_FILES=   -rdynamic conftest.c -lnsl  -lm  >&5
configure:14204: $? = 0
configure:14213: result: yes
configure:14224: checking for inet_ntop in -lresolv
configure:14249: gcc -o conftest -g -O2 -D_XOPEN_SOURCE=600 -D_BSD_SOURCE -D_DEFAULT_SOURCE -D_LARGE_FILES=   -rdynamic conftest.c -lresolv  -lnsl -lm  >&5
configure:14249: $? = 0
configure:14258: result: yes
configure:14269: checking for inet_ntop in -lbind
configure:14294: gcc -o conftest -g -O2 -D_XOPEN_SOURCE=600 -D_BSD_SOURCE -D_DEFAULT_SOURCE -D_LARGE_FILES=   -rdynamic conftest.c -lbind  -lresolv -lnsl -lm  >&5
/usr/bin/ld: cannot find -lbind
collect2: error: ld returned 1 exit status
configure:14294: $? = 1
configure: failed program was:
| /* confdefs.h */
| #define PACKAGE_NAME ""
| #define PACKAGE_TARNAME ""
| #define PACKAGE_VERSION ""
| #define PACKAGE_STRING ""
| #define PACKAGE_BUGREPORT ""
| #define PACKAGE_URL ""
| #define GW_NAME "Kannel"
| #define GW_VERSION "svn-r5297M"
| #define PACKAGE "Kannel"
| #define VERSION "svn-r5297M"
| #define STDC_HEADERS 1
| #define HAVE_SYS_TYPES_H 1
| #define HAVE_SYS_STAT_H 1
| #define HAVE_STDLIB_H 1
| #define HAVE_STRING_H 1
| #define HAVE_MEMORY_H 1
| #define HAVE_STRINGS_H 1
| #define HAVE_INTTYPES_H 1
| #define HAVE_STDINT_H 1
| #define HAVE_UNISTD_H 1
| #define HAVE_DLFCN_H 1
| #define LT_OBJDIR ".libs/"
| #define SIZEOF_SHORT 2
| #define SIZEOF_INT 4
| #define SIZEOF_LONG 8
| #define SIZEOF_LONG_LONG 8
| #define HAVE_LIBM 1
| #define HAVE_LIBNSL 1
| #define HAVE_LIBRESOLV 1
| /* end confdefs.h.  */
| 
| /* Override any GCC internal prototype to avoid an error.
|    Use char because int might match the return type of a GCC
|    builtin and then its argument prototype would still apply.  */
| #ifdef __cplusplus
| extern "C"
| #endif
| char inet_ntop ();
| int
| main ()
| {
| return inet_ntop ();
|   ;
|   return 0;
| }
configure:14303: result: no
configure:14315: checking for pthread_exit in -lpthread
configure:14340: gcc -o conftest -g -O2 -D_XOPEN_SOURCE=600 -D_BSD_SOURCE -D_DEFAULT_SOURCE -D_LARGE_FILES=   -rdynamic conftest.c -lpthread  -lresolv -lnsl -lm  >&5
configure:14340: $? = 0
configure:14349: result: yes
configure:14356: checking for libiconv in -liconv
configure:14381: gcc -o conftest -g -O2 -D_XOPEN_SOURCE=600 -D_BSD_SOURCE -D_DEFAULT_SOURCE -D_LARGE_FILES=   -rdynamic conftest.c -liconv  -lresolv -lnsl -lm  -lpthread >&5
/usr/bin/ld: cannot find -liconv
collect2: error: ld returned 1 exit status
configure:14381: $? = 1
configure: failed program was:
| /* confdefs.h */
| #define PACKAGE_NAME ""
| #define PACKAGE_TARNAME ""
| #define PACKAGE_VERSION ""
| #define PACKAGE_STRING ""
| #define PACKAGE_BUGREPORT ""
| #define PACKAGE_URL ""
| #define GW_NAME "Kannel"
| #define GW_VERSION "svn-r5297M"
| #define PACKAGE "Kannel"
| #define VERSION "svn-r5297M"
| #define STDC_HEADERS 1
| #define HAVE_SYS_TYPES_H 1
| #define HAVE_SYS_STAT_H 1
| #define HAVE_STDLIB_H 1
| #define HAVE_STRING_H 1
| #define HAVE_MEMORY_H 1
| #define HAVE_STRINGS_H 1
| #define HAVE_INTTYPES_H 1
| #define HAVE_STDINT_H 1
| #define HAVE_UNISTD_H 1
| #define HAVE_DLFCN_H 1
| #define LT_OBJDIR ".libs/"
| #define SIZEOF_SHORT 2
| #define SIZEOF_INT 4
| #define SIZEOF_LONG 8
| #define SIZEOF_LONG_LONG 8
| #define HAVE_LIBM 1
| #define HAVE_LIBNSL 1
| #define HAVE_LIBRESOLV 1
| /* end confdefs.h.  */
| 
| /* Override any GCC internal prototype to avoid an error.
|    Use char because int might match the return type of a GCC
|    builtin and then its argument prototype would still apply.  */
| #ifdef __cplusplus
| extern "C"
| #endif
| char libiconv ();
| int
| main ()
| {
| return libiconv ();
|   ;
|   return 0;
| }
configure:14390: result: no
configure:14398: checking for ANSI C header files
configure:14502: result: yes
configure:14513: checking sys/ioctl.h usability
configure:14513: gcc -c -g -O2 -D_XOPEN_SOURCE=600 -D_BSD_SOURCE -D_DEFAULT_SOURCE -D_LARGE_FILES=  conftest.c >&5
configure:14513: $? = 0
configure:14513: result: yes
configure:14513: checking sys/ioctl.h presence
configure:14513: gcc -E  conftest.c
configure:14513: $? = 0
configure:14513: result: yes
configure:14513: checking for sys/ioctl.h
configure:14513: result: yes
configure:14513: checking sys/time.h usability
configure:14513: gcc -c -g -O2 -D_XOPEN_SOURCE=600 -D_BSD_SOURCE -D_DEFAULT_SOURCE -D_LARGE_FILES=  conftest.c >&5
configure:14513: $? = 0
configure:14513: result: yes
configure:14513: checking sys/time.h presence
configure:14513: gcc -E  conftest.c
configure:14513: $? = 0
configure:14513: result: yes
configure:14513: checking for sys/time.h
configure:14513: result: yes
configure:14513: checking for sys/types.h
configure:14513: result: yes
configure:14513: checking for unistd.h
configure:14513: result: yes
configure:14513: checking sys/poll.h usability
configure:14513: gcc -c -g -O2 -D_XOPEN_SOURCE=600 -D_BSD_SOURCE -D_DEFAULT_SOURCE -D_LARGE_FILES=  conftest.c >&5
configure:14513: $? = 0
configure:14513: result: yes
configure:14513: checking sys/poll.h presence
configure:14513: gcc -E  conftest.c
configure:14513: $? = 0
configure:14513: result: yes
configure:14513: checking for sys/poll.h
configure:14513: result: yes
configure:14526: checking pthread.h usability
configure:14526: gcc -c -g -O2 -D_XOPEN_SOURCE=600 -D_BSD_SOURCE -D_DEFAULT_SOURCE -D_LARGE_FILES=  conftest.c >&5
configure:14526: $? = 0
configure:14526: result: yes
configure:14526: checking pthread.h presence
configure:14526: gcc -E  conftest.c
configure:14526: $? = 0
configure:14526: result: yes
configure:14526: checking for pthread.h
configure:14526: result: yes
configure:14526: checking getopt.h usability
configure:14526: gcc -c -g -O2 -D_XOPEN_SOURCE=600 -D_BSD_SOURCE -D_DEFAULT_SOURCE -D_LARGE_FILES=  conftest.c >&5
configure:14526: $? = 0
configure:14526: result: yes
configure:14526: checking getopt.h presence
configure:14526: gcc -E  conftest.c
configure:14526: $? = 0
configure:14526: result: yes
configure:14526: checking for getopt.h
configure:14526: result: yes
configure:14526: checking syslog.h usability
configure:14526: gcc -c -g -O2 -D_XOPEN_SOURCE=600 -D_BSD_SOURCE -D_DEFAULT_SOURCE -D_LARGE_FILES=  conftest.c >&5
configure:14526: $? = 0
configure:14526: result: yes
configure:14526: checking syslog.h presence
configure:14526: gcc -E  conftest.c
configure:14526: $? = 0
configure:14526: result: yes
configure:14526: checking for syslog.h
configure:14526: result: yes
configure:14526: checking iconv.h usability
configure:14526: gcc -c -g -O2 -D_XOPEN_SOURCE=600 -D_BSD_SOURCE -D_DEFAULT_SOURCE -D_LARGE_FILES=  conftest.c >&5
configure:14526: $? = 0
configure:14526: result: yes
configure:14526: checking iconv.h presence
configure:14526: gcc -E  conftest.c
configure:14526: $? = 0
configure:14526: result: yes
configure:14526: checking for iconv.h
configure:14526: result: yes
configure:14526: checking zlib.h usability
configure:14526: gcc -c -g -O2 -D_XOPEN_SOURCE=600 -D_BSD_SOURCE -D_DEFAULT_SOURCE -D_LARGE_FILES=  conftest.c >&5
configure:14526: $? = 0
configure:14526: result: yes
configure:14526: checking zlib.h presence
configure:14526: gcc -E  conftest.c
configure:14526: $? = 0
configure:14526: result: yes
configure:14526: checking for zlib.h
configure:14526: result: yes
configure:14526: checking execinfo.h usability
configure:14526: gcc -c -g -O2 -D_XOPEN_SOURCE=600 -D_BSD_SOURCE -D_DEFAULT_SOURCE -D_LARGE_FILES=  conftest.c >&5
configure:14526: $? = 0
configure:14526: result: yes
configure:14526: checking execinfo.h presence
configure:14526: gcc -E  conftest.c
configure:14526: $? = 0
configure:14526: result: yes
configure:14526: checking for execinfo.h
configure:14526: result: yes
configure:14526: checking for stdlib.h
configure:14526: result: yes
configure:14539: checking sys/socket.h usability
configure:14539: gcc -c -g -O2 -D_XOPEN_SOURCE=600 -D_BSD_SOURCE -D_DEFAULT_SOURCE -D_LARGE_FILES=  conftest.c >&5
configure:14539: $? = 0
configure:14539: result: yes
configure:14539: checking sys/socket.h presence
configure:14539: gcc -E  conftest.c
configure:14539: $? = 0
configure:14539: result: yes
configure:14539: checking for sys/socket.h
configure:14539: result: yes
configure:14539: checking sys/sockio.h usability
configure:14539: gcc -c -g -O2 -D_XOPEN_SOURCE=600 -D_BSD_SOURCE -D_DEFAULT_SOURCE -D_LARGE_FILES=  conftest.c >&5
conftest.c:79:10: fatal error: sys/sockio.h: No such file or directory
 #include <sys/sockio.h>
          ^~~~~~~~~~~~~~
compilation terminated.
configure:14539: $? = 1
configure: failed program was:
| /* confdefs.h */
| #define PACKAGE_NAME ""
| #define PACKAGE_TARNAME ""
| #define PACKAGE_VERSION ""
| #define PACKAGE_STRING ""
| #define PACKAGE_BUGREPORT ""
| #define PACKAGE_URL ""
| #define GW_NAME "Kannel"
| #define GW_VERSION "svn-r5297M"
| #define PACKAGE "Kannel"
| #define VERSION "svn-r5297M"
| #define STDC_HEADERS 1
| #define HAVE_SYS_TYPES_H 1
| #define HAVE_SYS_STAT_H 1
| #define HAVE_STDLIB_H 1
| #define HAVE_STRING_H 1
| #define HAVE_MEMORY_H 1
| #define HAVE_STRINGS_H 1
| #define HAVE_INTTYPES_H 1
| #define HAVE_STDINT_H 1
| #define HAVE_UNISTD_H 1
| #define HAVE_DLFCN_H 1
| #define LT_OBJDIR ".libs/"
| #define SIZEOF_SHORT 2
| #define SIZEOF_INT 4
| #define SIZEOF_LONG 8
| #define SIZEOF_LONG_LONG 8
| #define HAVE_LIBM 1
| #define HAVE_LIBNSL 1
| #define HAVE_LIBRESOLV 1
| #define STDC_HEADERS 1
| #define HAVE_SYS_IOCTL_H 1
| #define HAVE_SYS_TIME_H 1
| #define HAVE_SYS_TYPES_H 1
| #define HAVE_UNISTD_H 1
| #define HAVE_SYS_POLL_H 1
| #define HAVE_PTHREAD_H 1
| #define HAVE_GETOPT_H 1
| #define HAVE_SYSLOG_H 1
| #define HAVE_ICONV_H 1
| #define HAVE_ZLIB_H 1
| #define HAVE_EXECINFO_H 1
| #define HAVE_STDLIB_H 1
| #define HAVE_SYS_SOCKET_H 1
| /* end confdefs.h.  */
| #include <stdio.h>
| #ifdef HAVE_SYS_TYPES_H
| # include <sys/types.h>
| #endif
| #ifdef HAVE_SYS_STAT_H
| # include <sys/stat.h>
| #endif
| #ifdef STDC_HEADERS
| # include <stdlib.h>
| # include <stddef.h>
| #else
| # ifdef HAVE_STDLIB_H
| #  include <stdlib.h>
| # endif
| #endif
| #ifdef HAVE_STRING_H
| # if !defined STDC_HEADERS && defined HAVE_MEMORY_H
| #  include <memory.h>
| # endif
| # include <string.h>
| #endif
| #ifdef HAVE_STRINGS_H
| # include <strings.h>
| #endif
| #ifdef HAVE_INTTYPES_H
| # include <inttypes.h>
| #endif
| #ifdef HAVE_STDINT_H
| # include <stdint.h>
| #endif
| #ifdef HAVE_UNISTD_H
| # include <unistd.h>
| #endif
| #include <sys/sockio.h>
configure:14539: result: no
configure:14539: checking sys/sockio.h presence
configure:14539: gcc -E  conftest.c
conftest.c:46:10: fatal error: sys/sockio.h: No such file or directory
 #include <sys/sockio.h>
          ^~~~~~~~~~~~~~
compilation terminated.
configure:14539: $? = 1
configure: failed program was:
| /* confdefs.h */
| #define PACKAGE_NAME ""
| #define PACKAGE_TARNAME ""
| #define PACKAGE_VERSION ""
| #define PACKAGE_STRING ""
| #define PACKAGE_BUGREPORT ""
| #define PACKAGE_URL ""
| #define GW_NAME "Kannel"
| #define GW_VERSION "svn-r5297M"
| #define PACKAGE "Kannel"
| #define VERSION "svn-r5297M"
| #define STDC_HEADERS 1
| #define HAVE_SYS_TYPES_H 1
| #define HAVE_SYS_STAT_H 1
| #define HAVE_STDLIB_H 1
| #define HAVE_STRING_H 1
| #define HAVE_MEMORY_H 1
| #define HAVE_STRINGS_H 1
| #define HAVE_INTTYPES_H 1
| #define HAVE_STDINT_H 1
| #define HAVE_UNISTD_H 1
| #define HAVE_DLFCN_H 1
| #define LT_OBJDIR ".libs/"
| #define SIZEOF_SHORT 2
| #define SIZEOF_INT 4
| #define SIZEOF_LONG 8
| #define SIZEOF_LONG_LONG 8
| #define HAVE_LIBM 1
| #define HAVE_LIBNSL 1
| #define HAVE_LIBRESOLV 1
| #define STDC_HEADERS 1
| #define HAVE_SYS_IOCTL_H 1
| #define HAVE_SYS_TIME_H 1
| #define HAVE_SYS_TYPES_H 1
| #define HAVE_UNISTD_H 1
| #define HAVE_SYS_POLL_H 1
| #define HAVE_PTHREAD_H 1
| #define HAVE_GETOPT_H 1
| #define HAVE_SYSLOG_H 1
| #define HAVE_ICONV_H 1
| #define HAVE_ZLIB_H 1
| #define HAVE_EXECINFO_H 1
| #define HAVE_STDLIB_H 1
| #define HAVE_SYS_SOCKET_H 1
| /* end confdefs.h.  */
| #include <sys/sockio.h>
configure:14539: result: no
configure:14539: checking for sys/sockio.h
configure:14539: result: no
configure:14539: checking netinet/in.h usability
configure:14539: gcc -c -g -O2 -D_XOPEN_SOURCE=600 -D_BSD_SOURCE -D_DEFAULT_SOURCE -D_LARGE_FILES=  conftest.c >&5
configure:14539: $? = 0
configure:14539: result: yes
configure:14539: checking netinet/in.h presence
configure:14539: gcc -E  conftest.c
configure:14539: $? = 0
configure:14539: result: yes
configure:14539: checking for netinet/in.h
configure:14539: result: yes
configure:14551: checking for net/if.h
configure:14551: gcc -c -g -O2 -D_XOPEN_SOURCE=600 -D_BSD_SOURCE -D_DEFAULT_SOURCE -D_LARGE_FILES=  conftest.c >&5
configure:14551: $? = 0
configure:14551: result: yes
configure:14576: checking sys/ucontext.h usability
configure:14576: gcc -c -g -O2 -D_XOPEN_SOURCE=600 -D_BSD_SOURCE -D_DEFAULT_SOURCE -D_LARGE_FILES=  conftest.c >&5
configure:14576: $? = 0
configure:14576: result: yes
configure:14576: checking sys/ucontext.h presence
configure:14576: gcc -E  conftest.c
configure:14576: $? = 0
configure:14576: result: yes
configure:14576: checking for sys/ucontext.h
configure:14576: result: yes
configure:14603: gcc -c -g -O2 -D_XOPEN_SOURCE=600 -D_BSD_SOURCE -D_DEFAULT_SOURCE -D_LARGE_FILES=  conftest.c >&5
conftest.c: In function 'main':
conftest.c:53:14: warning: initialization discards 'const' qualifier from pointer target type [-Wdiscarded-qualifiers]
 char *func = __FUNCTION__;
              ^~~~~~~~~~~~
configure:14603: $? = 0
configure:14620: gcc -c -g -O2 -D_XOPEN_SOURCE=600 -D_BSD_SOURCE -D_DEFAULT_SOURCE -D_LARGE_FILES=  conftest.c >&5
conftest.c: In function 'main':
conftest.c:54:14: warning: initialization discards 'const' qualifier from pointer target type [-Wdiscarded-qualifiers]
 char *func = __func__;
              ^~~~~~~~
configure:14620: $? = 0
configure:14668: checking for ld used by gcc
configure:14735: result: /usr/bin/ld -m elf_x86_64
configure:14742: checking if the linker (/usr/bin/ld -m elf_x86_64) is GNU ld
configure:14757: result: yes
configure:14764: checking for shared library run path origin
configure:14777: result: done
configure:15355: checking for iconv
configure:15379: gcc -o conftest -g -O2 -D_XOPEN_SOURCE=600 -D_BSD_SOURCE -D_DEFAULT_SOURCE -D_LARGE_FILES=   -rdynamic conftest.c -lresolv -lnsl -lm  -lpthread >&5
configure:15379: $? = 0
configure:15413: result: yes
configure:15416: checking for working iconv
configure:15545: gcc -o conftest -g -O2 -D_XOPEN_SOURCE=600 -D_BSD_SOURCE -D_DEFAULT_SOURCE -D_LARGE_FILES=   -rdynamic conftest.c -lresolv -lnsl -lm  -lpthread >&5
configure:15545: $? = 0
configure:15545: ./conftest
configure:15545: $? = 0
configure:15557: result: yes
configure:15585: checking for iconv declaration
configure:15614: gcc -c -g -O2 -D_XOPEN_SOURCE=600 -D_BSD_SOURCE -D_DEFAULT_SOURCE -D_LARGE_FILES=  conftest.c >&5
configure:15614: $? = 0
configure:15625: result:
         extern size_t iconv (iconv_t cd, char * *inbuf, size_t *inbytesleft, char * *outbuf, size_t *outbytesleft);
configure:15641: checking for gettimeofday
configure:15641: gcc -o conftest -g -O2 -D_XOPEN_SOURCE=600 -D_BSD_SOURCE -D_DEFAULT_SOURCE -D_LARGE_FILES=   -rdynamic conftest.c -lresolv -lnsl -lm  -lpthread >&5
configure:15641: $? = 0
configure:15641: result: yes
configure:15641: checking for select
configure:15641: gcc -o conftest -g -O2 -D_XOPEN_SOURCE=600 -D_BSD_SOURCE -D_DEFAULT_SOURCE -D_LARGE_FILES=   -rdynamic conftest.c -lresolv -lnsl -lm  -lpthread >&5
configure:15641: $? = 0
configure:15641: result: yes
configure:15641: checking for socket
configure:15641: gcc -o conftest -g -O2 -D_XOPEN_SOURCE=600 -D_BSD_SOURCE -D_DEFAULT_SOURCE -D_LARGE_FILES=   -rdynamic conftest.c -lresolv -lnsl -lm  -lpthread >&5
configure:15641: $? = 0
configure:15641: result: yes
configure:15641: checking for strdup
configure:15641: gcc -o conftest -g -O2 -D_XOPEN_SOURCE=600 -D_BSD_SOURCE -D_DEFAULT_SOURCE -D_LARGE_FILES=   -rdynamic conftest.c -lresolv -lnsl -lm  -lpthread >&5
conftest.c:79:6: warning: conflicting types for built-in function 'strdup' [-Wbuiltin-declaration-mismatch]
 char strdup ();
      ^~~~~~
configure:15641: $? = 0
configure:15641: result: yes
configure:15641: checking for getopt_long
configure:15641: gcc -o conftest -g -O2 -D_XOPEN_SOURCE=600 -D_BSD_SOURCE -D_DEFAULT_SOURCE -D_LARGE_FILES=   -rdynamic conftest.c -lresolv -lnsl -lm  -lpthread >&5
configure:15641: $? = 0
configure:15641: result: yes
configure:15641: checking for localtime_r
configure:15641: gcc -o conftest -g -O2 -D_XOPEN_SOURCE=600 -D_BSD_SOURCE -D_DEFAULT_SOURCE -D_LARGE_FILES=   -rdynamic conftest.c -lresolv -lnsl -lm  -lpthread >&5
configure:15641: $? = 0
configure:15641: result: yes
configure:15641: checking for gmtime_r
configure:15641: gcc -o conftest -g -O2 -D_XOPEN_SOURCE=600 -D_BSD_SOURCE -D_DEFAULT_SOURCE -D_LARGE_FILES=   -rdynamic conftest.c -lresolv -lnsl -lm  -lpthread >&5
configure:15641: $? = 0
configure:15641: result: yes
configure:15641: checking for backtrace
configure:15641: gcc -o conftest -g -O2 -D_XOPEN_SOURCE=600 -D_BSD_SOURCE -D_DEFAULT_SOURCE -D_LARGE_FILES=   -rdynamic conftest.c -lresolv -lnsl -lm  -lpthread >&5
configure:15641: $? = 0
configure:15641: result: yes
configure:15641: checking for srandom
configure:15641: gcc -o conftest -g -O2 -D_XOPEN_SOURCE=600 -D_BSD_SOURCE -D_DEFAULT_SOURCE -D_LARGE_FILES=   -rdynamic conftest.c -lresolv -lnsl -lm  -lpthread >&5
configure:15641: $? = 0
configure:15641: result: yes
configure:15641: checking for strtoll
configure:15641: gcc -o conftest -g -O2 -D_XOPEN_SOURCE=600 -D_BSD_SOURCE -D_DEFAULT_SOURCE -D_LARGE_FILES=   -rdynamic conftest.c -lresolv -lnsl -lm  -lpthread >&5
configure:15641: $? = 0
configure:15641: result: yes
configure:15641: checking for strtoq
configure:15641: gcc -o conftest -g -O2 -D_XOPEN_SOURCE=600 -D_BSD_SOURCE -D_DEFAULT_SOURCE -D_LARGE_FILES=   -rdynamic conftest.c -lresolv -lnsl -lm  -lpthread >&5
configure:15641: $? = 0
configure:15641: result: yes
configure:15641: checking for setpriority
configure:15641: gcc -o conftest -g -O2 -D_XOPEN_SOURCE=600 -D_BSD_SOURCE -D_DEFAULT_SOURCE -D_LARGE_FILES=   -rdynamic conftest.c -lresolv -lnsl -lm  -lpthread >&5
configure:15641: $? = 0
configure:15641: result: yes
configure:15641: checking for initgroups
configure:15641: gcc -o conftest -g -O2 -D_XOPEN_SOURCE=600 -D_BSD_SOURCE -D_DEFAULT_SOURCE -D_LARGE_FILES=   -rdynamic conftest.c -lresolv -lnsl -lm  -lpthread >&5
configure:15641: $? = 0
configure:15641: result: yes
configure:15650: checking for getopt
configure:15650: gcc -o conftest -g -O2 -D_XOPEN_SOURCE=600 -D_BSD_SOURCE -D_DEFAULT_SOURCE -D_LARGE_FILES=   -rdynamic conftest.c -lresolv -lnsl -lm  -lpthread >&5
configure:15650: $? = 0
configure:15650: result: yes
configure:15663: checking for gethostbyname_r
configure:15663: gcc -o conftest -g -O2 -D_XOPEN_SOURCE=600 -D_BSD_SOURCE -D_DEFAULT_SOURCE -D_LARGE_FILES=   -rdynamic conftest.c -lresolv -lnsl -lm  -lpthread >&5
configure:15663: $? = 0
configure:15663: result: yes
configure:15665: checking for which type of gethostbyname_r
configure:15691: gcc -c -g -O2 -D_XOPEN_SOURCE=600 -D_BSD_SOURCE -D_DEFAULT_SOURCE -D_LARGE_FILES=  conftest.c >&5
conftest.c: In function 'main':
conftest.c:76:29: error: storage size of 'data' isn't known
         struct hostent_data data;
                             ^~~~
conftest.c:77:16: error: too few arguments to function 'gethostbyname_r'
         (void) gethostbyname_r(name, he, &data);
                ^~~~~~~~~~~~~~~
In file included from conftest.c:67:0:
/usr/include/netdb.h:177:12: note: declared here
 extern int gethostbyname_r (const char *__restrict __name,
            ^~~~~~~~~~~~~~~
configure:15691: $? = 1
configure: failed program was:
| /* confdefs.h */
| #define PACKAGE_NAME ""
| #define PACKAGE_TARNAME ""
| #define PACKAGE_VERSION ""
| #define PACKAGE_STRING ""
| #define PACKAGE_BUGREPORT ""
| #define PACKAGE_URL ""
| #define GW_NAME "Kannel"
| #define GW_VERSION "svn-r5297M"
| #define PACKAGE "Kannel"
| #define VERSION "svn-r5297M"
| #define STDC_HEADERS 1
| #define HAVE_SYS_TYPES_H 1
| #define HAVE_SYS_STAT_H 1
| #define HAVE_STDLIB_H 1
| #define HAVE_STRING_H 1
| #define HAVE_MEMORY_H 1
| #define HAVE_STRINGS_H 1
| #define HAVE_INTTYPES_H 1
| #define HAVE_STDINT_H 1
| #define HAVE_UNISTD_H 1
| #define HAVE_DLFCN_H 1
| #define LT_OBJDIR ".libs/"
| #define SIZEOF_SHORT 2
| #define SIZEOF_INT 4
| #define SIZEOF_LONG 8
| #define SIZEOF_LONG_LONG 8
| #define HAVE_LIBM 1
| #define HAVE_LIBNSL 1
| #define HAVE_LIBRESOLV 1
| #define STDC_HEADERS 1
| #define HAVE_SYS_IOCTL_H 1
| #define HAVE_SYS_TIME_H 1
| #define HAVE_SYS_TYPES_H 1
| #define HAVE_UNISTD_H 1
| #define HAVE_SYS_POLL_H 1
| #define HAVE_PTHREAD_H 1
| #define HAVE_GETOPT_H 1
| #define HAVE_SYSLOG_H 1
| #define HAVE_ICONV_H 1
| #define HAVE_ZLIB_H 1
| #define HAVE_EXECINFO_H 1
| #define HAVE_STDLIB_H 1
| #define HAVE_SYS_SOCKET_H 1
| #define HAVE_NETINET_IN_H 1
| #define HAVE_NET_IF_H 1
| #define HAVE_SYS_UCONTEXT_H 1
| #define HAVE___FUNCTION__ 1
| #define HAVE___FUNC__ 1
| #define HAVE_ICONV 1
| #define ICONV_CONST 
| #define HAVE_GETTIMEOFDAY 1
| #define HAVE_SELECT 1
| #define HAVE_SOCKET 1
| #define HAVE_STRDUP 1
| #define HAVE_GETOPT_LONG 1
| #define HAVE_LOCALTIME_R 1
| #define HAVE_GMTIME_R 1
| #define HAVE_BACKTRACE 1
| #define HAVE_SRANDOM 1
| #define HAVE_STRTOLL 1
| #define HAVE_STRTOQ 1
| #define HAVE_SETPRIORITY 1
| #define HAVE_INITGROUPS 1
| /* end confdefs.h.  */
| 
| #include <netdb.h>
| 
| int
| main ()
| {
| 
| 
|         char *name;
|         struct hostent *he;
|         struct hostent_data data;
|         (void) gethostbyname_r(name, he, &data);
| 
| 
|   ;
|   return 0;
| }
configure:15715: gcc -c -g -O2 -D_XOPEN_SOURCE=600 -D_BSD_SOURCE -D_DEFAULT_SOURCE -D_LARGE_FILES=  conftest.c >&5
configure:15715: $? = 0
configure:15752: result: 6
configure:15786: checking for socklen_t in <sys/socket.h>
configure:15806: gcc -c -g -O2 -D_XOPEN_SOURCE=600 -D_BSD_SOURCE -D_DEFAULT_SOURCE -D_LARGE_FILES=  conftest.c >&5
configure:15806: $? = 0
configure:15813: result: yes
configure:15823: checking for getopt in <stdio.h>
configure:15839: gcc -c -g -O2 -D_XOPEN_SOURCE=600 -D_BSD_SOURCE -D_DEFAULT_SOURCE -D_LARGE_FILES=  conftest.c >&5
conftest.c: In function 'main':
conftest.c:72:13: error: 'getopt' undeclared (first use in this function); did you mean 'getw'?
 void *foo = getopt;
             ^~~~~~
             getw
conftest.c:72:13: note: each undeclared identifier is reported only once for each function it appears in
configure:15839: $? = 1
configure: failed program was:
| /* confdefs.h */
| #define PACKAGE_NAME ""
| #define PACKAGE_TARNAME ""
| #define PACKAGE_VERSION ""
| #define PACKAGE_STRING ""
| #define PACKAGE_BUGREPORT ""
| #define PACKAGE_URL ""
| #define GW_NAME "Kannel"
| #define GW_VERSION "svn-r5297M"
| #define PACKAGE "Kannel"
| #define VERSION "svn-r5297M"
| #define STDC_HEADERS 1
| #define HAVE_SYS_TYPES_H 1
| #define HAVE_SYS_STAT_H 1
| #define HAVE_STDLIB_H 1
| #define HAVE_STRING_H 1
| #define HAVE_MEMORY_H 1
| #define HAVE_STRINGS_H 1
| #define HAVE_INTTYPES_H 1
| #define HAVE_STDINT_H 1
| #define HAVE_UNISTD_H 1
| #define HAVE_DLFCN_H 1
| #define LT_OBJDIR ".libs/"
| #define SIZEOF_SHORT 2
| #define SIZEOF_INT 4
| #define SIZEOF_LONG 8
| #define SIZEOF_LONG_LONG 8
| #define HAVE_LIBM 1
| #define HAVE_LIBNSL 1
| #define HAVE_LIBRESOLV 1
| #define STDC_HEADERS 1
| #define HAVE_SYS_IOCTL_H 1
| #define HAVE_SYS_TIME_H 1
| #define HAVE_SYS_TYPES_H 1
| #define HAVE_UNISTD_H 1
| #define HAVE_SYS_POLL_H 1
| #define HAVE_PTHREAD_H 1
| #define HAVE_GETOPT_H 1
| #define HAVE_SYSLOG_H 1
| #define HAVE_ICONV_H 1
| #define HAVE_ZLIB_H 1
| #define HAVE_EXECINFO_H 1
| #define HAVE_STDLIB_H 1
| #define HAVE_SYS_SOCKET_H 1
| #define HAVE_NETINET_IN_H 1
| #define HAVE_NET_IF_H 1
| #define HAVE_SYS_UCONTEXT_H 1
| #define HAVE___FUNCTION__ 1
| #define HAVE___FUNC__ 1
| #define HAVE_ICONV 1
| #define ICONV_CONST 
| #define HAVE_GETTIMEOFDAY 1
| #define HAVE_SELECT 1
| #define HAVE_SOCKET 1
| #define HAVE_STRDUP 1
| #define HAVE_GETOPT_LONG 1
| #define HAVE_LOCALTIME_R 1
| #define HAVE_GMTIME_R 1
| #define HAVE_BACKTRACE 1
| #define HAVE_SRANDOM 1
| #define HAVE_STRTOLL 1
| #define HAVE_STRTOQ 1
| #define HAVE_SETPRIORITY 1
| #define HAVE_INITGROUPS 1
| #define HAVE_FUNC_GETHOSTBYNAME_R_6 1
| #define HAVE_SOCKLEN_T 1
| /* end confdefs.h.  */
| #include <stdio.h>
| int
| main ()
| {
| void *foo = getopt;
|   ;
|   return 0;
| }
configure:15846: result: no
configure:15855: checking for getopt in <unistd.h>
configure:15871: gcc -c -g -O2 -D_XOPEN_SOURCE=600 -D_BSD_SOURCE -D_DEFAULT_SOURCE -D_LARGE_FILES=  conftest.c >&5
configure:15871: $? = 0
configure:15878: result: yes
configure:15890: checking ftw.h usability
configure:15890: gcc -c -g -O2 -D_XOPEN_SOURCE=600 -D_BSD_SOURCE -D_DEFAULT_SOURCE -D_LARGE_FILES=  conftest.c >&5
configure:15890: $? = 0
configure:15890: result: yes
configure:15890: checking ftw.h presence
configure:15890: gcc -E  conftest.c
configure:15890: $? = 0
configure:15890: result: yes
configure:15890: checking for ftw.h
configure:15890: result: yes
configure:15896: checking for nftw
configure:15896: gcc -o conftest -g -O2 -D_XOPEN_SOURCE=600 -D_BSD_SOURCE -D_DEFAULT_SOURCE -D_LARGE_FILES=   -rdynamic conftest.c -lresolv -lnsl -lm  -lpthread >&5
configure:15896: $? = 0
configure:15896: result: yes
configure:15915: checking regex.h usability
configure:15915: gcc -c -g -O2 -D_XOPEN_SOURCE=600 -D_BSD_SOURCE -D_DEFAULT_SOURCE -D_LARGE_FILES=  conftest.c >&5
configure:15915: $? = 0
configure:15915: result: yes
configure:15915: checking regex.h presence
configure:15915: gcc -E  conftest.c
configure:15915: $? = 0
configure:15915: result: yes
configure:15915: checking for regex.h
configure:15915: result: yes
configure:15921: checking for regcomp
configure:15921: gcc -o conftest -g -O2 -D_XOPEN_SOURCE=600 -D_BSD_SOURCE -D_DEFAULT_SOURCE -D_LARGE_FILES=   -rdynamic conftest.c -lresolv -lnsl -lm  -lpthread >&5
configure:15921: $? = 0
configure:15921: result: yes
configure:15945: checking for working pthreads
configure:15976: gcc -o conftest -g -O2 -D_XOPEN_SOURCE=600 -D_BSD_SOURCE -D_DEFAULT_SOURCE -D_LARGE_FILES=   -rdynamic conftest.c -lresolv -lnsl -lm  -lpthread >&5
conftest.c: In function 'testpid':
conftest.c:90:9: warning: implicit declaration of function 'exit' [-Wimplicit-function-declaration]
         exit(1);
         ^~~~
conftest.c:90:9: warning: incompatible implicit declaration of built-in function 'exit'
conftest.c:90:9: note: include '<stdlib.h>' or provide a declaration of 'exit'
conftest.c:92:9: warning: incompatible implicit declaration of built-in function 'exit'
         exit(0);
         ^~~~
conftest.c:92:9: note: include '<stdlib.h>' or provide a declaration of 'exit'
configure:15976: $? = 0
configure:15976: ./conftest
configure:15976: $? = 0
configure:15986: checking for pthread_spinlock support
configure:16013: gcc -c -g -O2 -D_XOPEN_SOURCE=600 -D_BSD_SOURCE -D_DEFAULT_SOURCE -D_LARGE_FILES=  conftest.c >&5
configure:16013: $? = 0
configure:16014: result: yes
configure:16024: checking for pthread_rwlock support
configure:16045: gcc -c -g -O2 -D_XOPEN_SOURCE=600 -D_BSD_SOURCE -D_DEFAULT_SOURCE -D_LARGE_FILES=  conftest.c >&5
configure:16045: $? = 0
configure:16046: result: yes
configure:16056: checking for sem_init in -lrt
configure:16081: gcc -o conftest -g -O2 -D_XOPEN_SOURCE=600 -D_BSD_SOURCE -D_DEFAULT_SOURCE -D_LARGE_FILES=   -rdynamic conftest.c -lrt  -lresolv -lnsl -lm  -lpthread >&5
configure:16081: $? = 0
configure:16090: result: yes
configure:16101: checking for semaphore support
configure:16126: gcc -o conftest -g -O2 -D_XOPEN_SOURCE=600 -D_BSD_SOURCE -D_DEFAULT_SOURCE -D_LARGE_FILES=   -rdynamic conftest.c -lrt -lresolv -lnsl -lm  -lpthread >&5
configure:16126: $? = 0
configure:16126: ./conftest
configure:16126: $? = 0
configure:16127: result: yes
configure:16151: checking for xml2-config
configure:16169: found /usr/bin/xml2-config
configure:16181: result: /usr/bin/xml2-config
configure:16196: checking libxml version
configure:16199: result: 2.9.4
configure:16241: checking whether to compile with PCRE support
configure:16406: result: disabled
configure:16423: checking for jade
configure:16453: result: no
configure:16423: checking for openjade
configure:16453: result: no
configure:16464: checking for jadetex
configure:16492: result: no
configure:16502: checking for pdfjadetex
configure:16530: result: no
configure:16540: checking for dvips
configure:16568: result: no
configure:16578: checking for fig2dev
configure:16606: result: no
configure:16616: checking for convert
configure:16644: result: /usr/bin/convert
configure:16666: checking for /usr/lib/sgml/stylesheet/dsssl/docbook/nwalsh/html/docbook.dsl
configure:16680: result: no
configure:16666: checking for /usr/lib/sgml/stylesheets/nwalsh-modular/html/docbook.dsl
configure:16680: result: no
configure:16666: checking for /usr/share/sgml/docbook/dsssl-stylesheets-1.*/html/docbook.dsl
configure:16680: result: no
configure:16666: checking for /usr/share/sgml/docbook/dsssl-stylesheets/html/docbook.dsl
configure:16680: result: no
configure:16666: checking for /usr/share/sgml/docbook/stylesheet/dsssl/modular/html/docbook.dsl
configure:16680: result: no
configure:16666: checking for /usr/share/sgml/docbook/dsssl/modular/html/docbook.dsl
configure:16680: result: no
configure:16666: checking for /usr/share/sgml/dsssl/docbook-dsssl-nwalsh/html/docbook.dsl
configure:16680: result: no
configure:16666: checking for /usr/share/dsssl/docbook-dsssl/html/docbook.dsl
configure:16680: result: no
configure:16666: checking for /usr/local/lib/sgml/stylesheet/dsssl/docbook/nwalsh/html/docbook.dsl
configure:16680: result: no
configure:16666: checking for /usr/local/lib/sgml/stylesheets/nwalsh-modular/html/docbook.dsl
configure:16680: result: no
configure:16666: checking for /usr/local/share/sgml/docbook/dsssl-stylesheets-1.*/html/docbook.dsl
configure:16680: result: no
configure:16666: checking for /usr/local/share/sgml/docbook/dsssl-stylesheets/html/docbook.dsl
configure:16680: result: no
configure:16666: checking for /usr/local/share/sgml/docbook/stylesheet/dsssl/modular/html/docbook.dsl
configure:16680: result: no
configure:16666: checking for /usr/local/share/sgml/docbook/dsssl/modular/html/docbook.dsl
configure:16680: result: no
configure:16666: checking for /usr/local/share/sgml/dsssl/docbook-dsssl-nwalsh/html/docbook.dsl
configure:16680: result: no
configure:16666: checking for /usr/local/share/dsssl/docbook-dsssl/html/docbook.dsl
configure:16680: result: no
configure:16666: checking for /sw/lib/sgml/stylesheet/dsssl/docbook/nwalsh/html/docbook.dsl
configure:16680: result: no
configure:16666: checking for /sw/lib/sgml/stylesheets/nwalsh-modular/html/docbook.dsl
configure:16680: result: no
configure:16666: checking for /sw/share/sgml/docbook/dsssl-stylesheets-1.*/html/docbook.dsl
configure:16680: result: no
configure:16666: checking for /sw/share/sgml/docbook/dsssl-stylesheets/html/docbook.dsl
configure:16680: result: no
configure:16666: checking for /sw/share/sgml/docbook/stylesheet/dsssl/modular/html/docbook.dsl
configure:16680: result: no
configure:16666: checking for /sw/share/sgml/docbook/dsssl/modular/html/docbook.dsl
configure:16680: result: no
configure:16666: checking for /sw/share/sgml/dsssl/docbook-dsssl-nwalsh/html/docbook.dsl
configure:16680: result: no
configure:16666: checking for /sw/share/dsssl/docbook-dsssl/html/docbook.dsl
configure:16680: result: no
configure:16666: checking for /opt/local/lib/sgml/stylesheet/dsssl/docbook/nwalsh/html/docbook.dsl
configure:16680: result: no
configure:16666: checking for /opt/local/lib/sgml/stylesheets/nwalsh-modular/html/docbook.dsl
configure:16680: result: no
configure:16666: checking for /opt/local/share/sgml/docbook/dsssl-stylesheets-1.*/html/docbook.dsl
configure:16680: result: no
configure:16666: checking for /opt/local/share/sgml/docbook/dsssl-stylesheets/html/docbook.dsl
configure:16680: result: no
configure:16666: checking for /opt/local/share/sgml/docbook/stylesheet/dsssl/modular/html/docbook.dsl
configure:16680: result: no
configure:16666: checking for /opt/local/share/sgml/docbook/dsssl/modular/html/docbook.dsl
configure:16680: result: no
configure:16666: checking for /opt/local/share/sgml/dsssl/docbook-dsssl-nwalsh/html/docbook.dsl
configure:16680: result: no
configure:16666: checking for /opt/local/share/dsssl/docbook-dsssl/html/docbook.dsl
configure:16680: result: no
configure:16704: checking for /usr/lib/sgml/stylesheet/dsssl/docbook/nwalsh/print/docbook.dsl
configure:16718: result: no
configure:16704: checking for /usr/lib/sgml/stylesheets/nwalsh-modular/print/docbook.dsl
configure:16718: result: no
configure:16704: checking for /usr/share/sgml/docbook/dsssl-stylesheets-1.*/print/docbook.dsl
configure:16718: result: no
configure:16704: checking for /usr/share/sgml/docbook/dsssl-stylesheets/print/docbook.dsl
configure:16718: result: no
configure:16704: checking for /usr/share/sgml/docbook/stylesheet/dsssl/modular/print/docbook.dsl
configure:16718: result: no
configure:16704: checking for /usr/share/sgml/docbook/dsssl/modular/print/docbook.dsl
configure:16718: result: no
configure:16704: checking for /usr/share/sgml/dsssl/docbook-dsssl-nwalsh/print/docbook.dsl
configure:16718: result: no
configure:16704: checking for /usr/share/dsssl/docbook-dsssl/print/docbook.dsl
configure:16718: result: no
configure:16704: checking for /usr/local/lib/sgml/stylesheet/dsssl/docbook/nwalsh/print/docbook.dsl
configure:16718: result: no
configure:16704: checking for /usr/local/lib/sgml/stylesheets/nwalsh-modular/print/docbook.dsl
configure:16718: result: no
configure:16704: checking for /usr/local/share/sgml/docbook/dsssl-stylesheets-1.*/print/docbook.dsl
configure:16718: result: no
configure:16704: checking for /usr/local/share/sgml/docbook/dsssl-stylesheets/print/docbook.dsl
configure:16718: result: no
configure:16704: checking for /usr/local/share/sgml/docbook/stylesheet/dsssl/modular/print/docbook.dsl
configure:16718: result: no
configure:16704: checking for /usr/local/share/sgml/docbook/dsssl/modular/print/docbook.dsl
configure:16718: result: no
configure:16704: checking for /usr/local/share/sgml/dsssl/docbook-dsssl-nwalsh/print/docbook.dsl
configure:16718: result: no
configure:16704: checking for /usr/local/share/dsssl/docbook-dsssl/print/docbook.dsl
configure:16718: result: no
configure:16704: checking for /sw/lib/sgml/stylesheet/dsssl/docbook/nwalsh/print/docbook.dsl
configure:16718: result: no
configure:16704: checking for /sw/lib/sgml/stylesheets/nwalsh-modular/print/docbook.dsl
configure:16718: result: no
configure:16704: checking for /sw/share/sgml/docbook/dsssl-stylesheets-1.*/print/docbook.dsl
configure:16718: result: no
configure:16704: checking for /sw/share/sgml/docbook/dsssl-stylesheets/print/docbook.dsl
configure:16718: result: no
configure:16704: checking for /sw/share/sgml/docbook/stylesheet/dsssl/modular/print/docbook.dsl
configure:16718: result: no
configure:16704: checking for /sw/share/sgml/docbook/dsssl/modular/print/docbook.dsl
configure:16718: result: no
configure:16704: checking for /sw/share/sgml/dsssl/docbook-dsssl-nwalsh/print/docbook.dsl
configure:16718: result: no
configure:16704: checking for /sw/share/dsssl/docbook-dsssl/print/docbook.dsl
configure:16718: result: no
configure:16704: checking for /opt/local/lib/sgml/stylesheet/dsssl/docbook/nwalsh/print/docbook.dsl
configure:16718: result: no
configure:16704: checking for /opt/local/lib/sgml/stylesheets/nwalsh-modular/print/docbook.dsl
configure:16718: result: no
configure:16704: checking for /opt/local/share/sgml/docbook/dsssl-stylesheets-1.*/print/docbook.dsl
configure:16718: result: no
configure:16704: checking for /opt/local/share/sgml/docbook/dsssl-stylesheets/print/docbook.dsl
configure:16718: result: no
configure:16704: checking for /opt/local/share/sgml/docbook/stylesheet/dsssl/modular/print/docbook.dsl
configure:16718: result: no
configure:16704: checking for /opt/local/share/sgml/docbook/dsssl/modular/print/docbook.dsl
configure:16718: result: no
configure:16704: checking for /opt/local/share/sgml/dsssl/docbook-dsssl-nwalsh/print/docbook.dsl
configure:16718: result: no
configure:16704: checking for /opt/local/share/dsssl/docbook-dsssl/print/docbook.dsl
configure:16718: result: no
configure:16743: checking for /usr/lib/sgml/stylesheet/dsssl/docbook/nwalsh/dtds/decls/xml.dcl
configure:16757: result: no
configure:16743: checking for /usr/lib/sgml/stylesheets/nwalsh-modular/dtds/decls/xml.dcl
configure:16757: result: no
configure:16743: checking for /usr/share/sgml/docbook/dsssl-stylesheets-1.*/dtds/decls/xml.dcl
configure:16757: result: no
configure:16743: checking for /usr/share/sgml/docbook/dsssl-stylesheets/dtds/decls/xml.dcl
configure:16757: result: no
configure:16743: checking for /usr/share/sgml/docbook/stylesheet/dsssl/modular/dtds/decls/xml.dcl
configure:16757: result: no
configure:16743: checking for /usr/share/sgml/docbook/dsssl/modular/dtds/decls/xml.dcl
configure:16757: result: no
configure:16743: checking for /usr/share/sgml/declaration/xml.dcl
configure:16757: result: no
configure:16743: checking for /usr/share/sgml/dsssl/docbook-dsssl-nwalsh/dtds/decls/xml.dcl
configure:16757: result: no
configure:16743: checking for /usr/share/dsssl/docbook-dsssl/dtds/decls/xml.dcl
configure:16757: result: no
configure:16743: checking for /usr/local/lib/sgml/stylesheet/dsssl/docbook/nwalsh/dtds/decls/xml.dcl
configure:16757: result: no
configure:16743: checking for /usr/local/lib/sgml/stylesheets/nwalsh-modular/dtds/decls/xml.dcl
configure:16757: result: no
configure:16743: checking for /usr/local/share/sgml/docbook/dsssl-stylesheets-1.*/dtds/decls/xml.dcl
configure:16757: result: no
configure:16743: checking for /usr/local/share/sgml/docbook/dsssl-stylesheets/dtds/decls/xml.dcl
configure:16757: result: no
configure:16743: checking for /usr/local/share/sgml/docbook/stylesheet/dsssl/modular/dtds/decls/xml.dcl
configure:16757: result: no
configure:16743: checking for /usr/local/share/sgml/docbook/dsssl/modular/dtds/decls/xml.dcl
configure:16757: result: no
configure:16743: checking for /usr/local/share/sgml/declaration/xml.dcl
configure:16757: result: no
configure:16743: checking for /usr/local/share/sgml/dsssl/docbook-dsssl-nwalsh/dtds/decls/xml.dcl
configure:16757: result: no
configure:16743: checking for /usr/local/share/dsssl/docbook-dsssl/dtds/decls/xml.dcl
configure:16757: result: no
configure:16743: checking for /sw/lib/sgml/stylesheet/dsssl/docbook/nwalsh/dtds/decls/xml.dcl
configure:16757: result: no
configure:16743: checking for /sw/lib/sgml/stylesheets/nwalsh-modular/dtds/decls/xml.dcl
configure:16757: result: no
configure:16743: checking for /sw/share/sgml/docbook/dsssl-stylesheets-1.*/dtds/decls/xml.dcl
configure:16757: result: no
configure:16743: checking for /sw/share/sgml/docbook/dsssl-stylesheets/dtds/decls/xml.dcl
configure:16757: result: no
configure:16743: checking for /sw/share/sgml/docbook/stylesheet/dsssl/modular/dtds/decls/xml.dcl
configure:16757: result: no
configure:16743: checking for /sw/share/sgml/docbook/dsssl/modular/dtds/decls/xml.dcl
configure:16757: result: no
configure:16743: checking for /sw/share/sgml/declaration/xml.dcl
configure:16757: result: no
configure:16743: checking for /sw/share/sgml/dsssl/docbook-dsssl-nwalsh/dtds/decls/xml.dcl
configure:16757: result: no
configure:16743: checking for /sw/share/dsssl/docbook-dsssl/dtds/decls/xml.dcl
configure:16757: result: no
configure:16743: checking for /opt/local/lib/sgml/stylesheet/dsssl/docbook/nwalsh/dtds/decls/xml.dcl
configure:16757: result: no
configure:16743: checking for /opt/local/lib/sgml/stylesheets/nwalsh-modular/dtds/decls/xml.dcl
configure:16757: result: no
configure:16743: checking for /opt/local/share/sgml/docbook/dsssl-stylesheets-1.*/dtds/decls/xml.dcl
configure:16757: result: no
configure:16743: checking for /opt/local/share/sgml/docbook/dsssl-stylesheets/dtds/decls/xml.dcl
configure:16757: result: no
configure:16743: checking for /opt/local/share/sgml/docbook/stylesheet/dsssl/modular/dtds/decls/xml.dcl
configure:16757: result: no
configure:16743: checking for /opt/local/share/sgml/docbook/dsssl/modular/dtds/decls/xml.dcl
configure:16757: result: no
configure:16743: checking for /opt/local/share/sgml/declaration/xml.dcl
configure:16757: result: no
configure:16743: checking for /opt/local/share/sgml/dsssl/docbook-dsssl-nwalsh/dtds/decls/xml.dcl
configure:16757: result: no
configure:16743: checking for /opt/local/share/dsssl/docbook-dsssl/dtds/decls/xml.dcl
configure:16757: result: no
configure:16819: result: Not building documentation.
configure:16883: checking which malloc to use
configure:16926: result: native malloc
configure:17175: checking whether to compile start-stop-daemon
configure:17195: result: disabled
configure:17260: checking whether to compile with SSL support
configure:17302: result: trying /usr/lib/gcc/x86_64-linux-gnu/7/../../../x86_64-linux-gnu /usr/include/openssl
configure:17314: checking for openssl
configure:17332: found /usr/bin/openssl
configure:17345: result: /usr/bin/openssl
configure:17354: checking openssl version
configure:17358: result: 1.1.1
configure:17394: checking for HMAC_Update in -lcrypto
configure:17419: gcc -o conftest -g -O2 -D_XOPEN_SOURCE=600 -D_BSD_SOURCE -D_DEFAULT_SOURCE -D_LARGE_FILES= -I/usr/include/libxml2 -I/usr/include/openssl   -rdynamic conftest.c -lcrypto  -lrt -lresolv -lnsl -lm  -lpthread -lxml2 -L/usr/lib/gcc/x86_64-linux-gnu/7/../../../x86_64-linux-gnu >&5
configure:17419: $? = 0
configure:17429: result: yes
configure:17434: checking for OPENSSL_init_ssl in -lssl
configure:17459: gcc -o conftest -g -O2 -D_XOPEN_SOURCE=600 -D_BSD_SOURCE -D_DEFAULT_SOURCE -D_LARGE_FILES= -I/usr/include/libxml2 -I/usr/include/openssl   -rdynamic conftest.c -lssl  -lrt -lresolv -lnsl -lm  -lpthread -lxml2 -L/usr/lib/gcc/x86_64-linux-gnu/7/../../../x86_64-linux-gnu -lcrypto >&5
configure:17459: $? = 0
configure:17469: result: yes
configure:17472: checking for SSL_connect in -lssl
configure:17497: gcc -o conftest -g -O2 -D_XOPEN_SOURCE=600 -D_BSD_SOURCE -D_DEFAULT_SOURCE -D_LARGE_FILES= -I/usr/include/libxml2 -I/usr/include/openssl   -rdynamic conftest.c -lssl  -lrt -lresolv -lnsl -lm  -lpthread -lxml2 -L/usr/lib/gcc/x86_64-linux-gnu/7/../../../x86_64-linux-gnu -lcrypto >&5
configure:17497: $? = 0
configure:17506: result: yes
configure:17522: checking openssl/x509.h usability
configure:17522: gcc -c -g -O2 -D_XOPEN_SOURCE=600 -D_BSD_SOURCE -D_DEFAULT_SOURCE -D_LARGE_FILES= -I/usr/include/libxml2 -I/usr/include/openssl  conftest.c >&5
configure:17522: $? = 0
configure:17522: result: yes
configure:17522: checking openssl/x509.h presence
configure:17522: gcc -E  conftest.c
configure:17522: $? = 0
configure:17522: result: yes
configure:17522: checking for openssl/x509.h
configure:17522: result: yes
configure:17522: checking openssl/rsa.h usability
configure:17522: gcc -c -g -O2 -D_XOPEN_SOURCE=600 -D_BSD_SOURCE -D_DEFAULT_SOURCE -D_LARGE_FILES= -I/usr/include/libxml2 -I/usr/include/openssl  conftest.c >&5
configure:17522: $? = 0
configure:17522: result: yes
configure:17522: checking openssl/rsa.h presence
configure:17522: gcc -E  conftest.c
configure:17522: $? = 0
configure:17522: result: yes
configure:17522: checking for openssl/rsa.h
configure:17522: result: yes
configure:17522: checking openssl/crypto.h usability
configure:17522: gcc -c -g -O2 -D_XOPEN_SOURCE=600 -D_BSD_SOURCE -D_DEFAULT_SOURCE -D_LARGE_FILES= -I/usr/include/libxml2 -I/usr/include/openssl  conftest.c >&5
configure:17522: $? = 0
configure:17522: result: yes
configure:17522: checking openssl/crypto.h presence
configure:17522: gcc -E  conftest.c
configure:17522: $? = 0
configure:17522: result: yes
configure:17522: checking for openssl/crypto.h
configure:17522: result: yes
configure:17522: checking openssl/pem.h usability
configure:17522: gcc -c -g -O2 -D_XOPEN_SOURCE=600 -D_BSD_SOURCE -D_DEFAULT_SOURCE -D_LARGE_FILES= -I/usr/include/libxml2 -I/usr/include/openssl  conftest.c >&5
configure:17522: $? = 0
configure:17522: result: yes
configure:17522: checking openssl/pem.h presence
configure:17522: gcc -E  conftest.c
configure:17522: $? = 0
configure:17522: result: yes
configure:17522: checking for openssl/pem.h
configure:17522: result: yes
configure:17522: checking openssl/ssl.h usability
configure:17522: gcc -c -g -O2 -D_XOPEN_SOURCE=600 -D_BSD_SOURCE -D_DEFAULT_SOURCE -D_LARGE_FILES= -I/usr/include/libxml2 -I/usr/include/openssl  conftest.c >&5
configure:17522: $? = 0
configure:17522: result: yes
configure:17522: checking openssl/ssl.h presence
configure:17522: gcc -E  conftest.c
configure:17522: $? = 0
configure:17522: result: yes
configure:17522: checking for openssl/ssl.h
configure:17522: result: yes
configure:17522: checking openssl/err.h usability
configure:17522: gcc -c -g -O2 -D_XOPEN_SOURCE=600 -D_BSD_SOURCE -D_DEFAULT_SOURCE -D_LARGE_FILES= -I/usr/include/libxml2 -I/usr/include/openssl  conftest.c >&5
configure:17522: $? = 0
configure:17522: result: yes
configure:17522: checking openssl/err.h presence
configure:17522: gcc -E  conftest.c
configure:17522: $? = 0
configure:17522: result: yes
configure:17522: checking for openssl/err.h
configure:17522: result: yes
configure:17522: checking openssl/hmac.h usability
configure:17522: gcc -c -g -O2 -D_XOPEN_SOURCE=600 -D_BSD_SOURCE -D_DEFAULT_SOURCE -D_LARGE_FILES= -I/usr/include/libxml2 -I/usr/include/openssl  conftest.c >&5
configure:17522: $? = 0
configure:17522: result: yes
configure:17522: checking openssl/hmac.h presence
configure:17522: gcc -E  conftest.c
configure:17522: $? = 0
configure:17522: result: yes
configure:17522: checking for openssl/hmac.h
configure:17522: result: yes
configure:17532: checking whether the OpenSSL library is multithread-enabled
configure:17554: gcc -o conftest -g -O2 -D_XOPEN_SOURCE=600 -D_BSD_SOURCE -D_DEFAULT_SOURCE -D_LARGE_FILES= -I/usr/include/libxml2 -I/usr/include/openssl   -rdynamic conftest.c -lssl -lrt -lresolv -lnsl -lm  -lpthread -lxml2 -L/usr/lib/gcc/x86_64-linux-gnu/7/../../../x86_64-linux-gnu -lcrypto >&5
conftest.c: In function 'main':
conftest.c:96:11: warning: implicit declaration of function 'exit' [-Wimplicit-function-declaration]
           exit(0);
           ^~~~
conftest.c:96:11: warning: incompatible implicit declaration of built-in function 'exit'
conftest.c:96:11: note: include '<stdlib.h>' or provide a declaration of 'exit'
configure:17554: $? = 0
configure:17554: ./conftest
configure:17554: $? = 0
configure:17556: result: yes
configure:17562: checking whether to compile with SSL support
configure:17564: result: yes
configure:17607: checking whether to compile with MySQL support
configure:17966: result: disabled
configure:17974: checking whether to compile with LibSDB support
configure:18111: result: disabled
configure:18119: checking whether to compile with SQLite2 support
configure:18251: result: disabled
configure:18259: checking whether to compile with SQLite3 support
configure:18391: result: disabled
configure:18399: checking whether to compile with Oracle support
configure:18641: result: disabled
configure:18648: checking whether to compile with PostgresSQL support
configure:18887: result: disabled
configure:18895: checking whether to compile with Redis support
configure:19107: result: disabled
configure:19113: checking whether to compile with FreeTDS Ct-Lib support
configure:19149: result: disabled
configure:19156: checking whether to compile with Cassandra support
configure:19238: result: disabled
configure:19338: checking whether to compile with SOAP support
configure:19519: result: disabled
configure:19644: checking that generated files are newer than configure
configure:19650: result: done
configure:19681: creating ./config.status

## ---------------------- ##
## Running config.status. ##
## ---------------------- ##

This file was extended by config.status, which was
generated by GNU Autoconf 2.69.  Invocation command line was

  CONFIG_FILES    = 
  CONFIG_HEADERS  = 
  CONFIG_LINKS    = 
  CONFIG_COMMANDS = 
  $ ./config.status 

on Dexter

config.status:1206: creating Makefile
config.status:1206: creating gwlib/Makefile
config.status:1206: creating gwlib/gw_uuid_types.h
config.status:1206: creating wmlscript/Makefile
config.status:1206: creating radius/Makefile
config.status:1206: creating wap/Makefile
config.status:1206: creating gw/Makefile
config.status:1206: creating soap/Makefile
config.status:1206: creating utils/Makefile
config.status:1206: creating test/Makefile
config.status:1206: creating doc/Makefile
config.status:1206: creating checks/Makefile
config.status:1206: creating benchmarks/Makefile
config.status:1206: creating gw-config.h
config.status:1387: gw-config.h is unchanged
config.status:1435: executing depfiles commands
config.status:1435: executing libtool commands

## ---------------- ##
## Cache variables. ##
## ---------------- ##

ac_cv_build=x86_64-unknown-linux-gnu
ac_cv_c_compiler_gnu=yes
ac_cv_c_inline=inline
ac_cv_env_CC_set=
ac_cv_env_CC_value=
ac_cv_env_CFLAGS_set=
ac_cv_env_CFLAGS_value=
ac_cv_env_CPPFLAGS_set=
ac_cv_env_CPPFLAGS_value=
ac_cv_env_CPP_set=
ac_cv_env_CPP_value=
ac_cv_env_LDFLAGS_set=
ac_cv_env_LDFLAGS_value=
ac_cv_env_LIBS_set=
ac_cv_env_LIBS_value=
ac_cv_env_LT_SYS_LIBRARY_PATH_set=
ac_cv_env_LT_SYS_LIBRARY_PATH_value=
ac_cv_env_YACC_set=
ac_cv_env_YACC_value=
ac_cv_env_YFLAGS_set=
ac_cv_env_YFLAGS_value=
ac_cv_env_build_alias_set=
ac_cv_env_build_alias_value=
ac_cv_env_host_alias_set=
ac_cv_env_host_alias_value=
ac_cv_env_target_alias_set=
ac_cv_env_target_alias_value=
ac_cv_file__opt_local_lib_sgml_stylesheet_dsssl_docbook_nwalsh_dtds_decls_xml_dcl=no
ac_cv_file__opt_local_lib_sgml_stylesheet_dsssl_docbook_nwalsh_html_docbook_dsl=no
ac_cv_file__opt_local_lib_sgml_stylesheet_dsssl_docbook_nwalsh_print_docbook_dsl=no
ac_cv_file__opt_local_lib_sgml_stylesheets_nwalsh_modular_dtds_decls_xml_dcl=no
ac_cv_file__opt_local_lib_sgml_stylesheets_nwalsh_modular_html_docbook_dsl=no
ac_cv_file__opt_local_lib_sgml_stylesheets_nwalsh_modular_print_docbook_dsl=no
ac_cv_file__opt_local_share_dsssl_docbook_dsssl_dtds_decls_xml_dcl=no
ac_cv_file__opt_local_share_dsssl_docbook_dsssl_html_docbook_dsl=no
ac_cv_file__opt_local_share_dsssl_docbook_dsssl_print_docbook_dsl=no
ac_cv_file__opt_local_share_sgml_declaration_xml_dcl=no
ac_cv_file__opt_local_share_sgml_docbook_dsssl_modular_dtds_decls_xml_dcl=no
ac_cv_file__opt_local_share_sgml_docbook_dsssl_modular_html_docbook_dsl=no
ac_cv_file__opt_local_share_sgml_docbook_dsssl_modular_print_docbook_dsl=no
ac_cv_file__opt_local_share_sgml_docbook_dsssl_stylesheets_1_p_dtds_decls_xml_dcl=no
ac_cv_file__opt_local_share_sgml_docbook_dsssl_stylesheets_1_p_html_docbook_dsl=no
ac_cv_file__opt_local_share_sgml_docbook_dsssl_stylesheets_1_p_print_docbook_dsl=no
ac_cv_file__opt_local_share_sgml_docbook_dsssl_stylesheets_dtds_decls_xml_dcl=no
ac_cv_file__opt_local_share_sgml_docbook_dsssl_stylesheets_html_docbook_dsl=no
ac_cv_file__opt_local_share_sgml_docbook_dsssl_stylesheets_print_docbook_dsl=no
ac_cv_file__opt_local_share_sgml_docbook_stylesheet_dsssl_modular_dtds_decls_xml_dcl=no
ac_cv_file__opt_local_share_sgml_docbook_stylesheet_dsssl_modular_html_docbook_dsl=no
ac_cv_file__opt_local_share_sgml_docbook_stylesheet_dsssl_modular_print_docbook_dsl=no
ac_cv_file__opt_local_share_sgml_dsssl_docbook_dsssl_nwalsh_dtds_decls_xml_dcl=no
ac_cv_file__opt_local_share_sgml_dsssl_docbook_dsssl_nwalsh_html_docbook_dsl=no
ac_cv_file__opt_local_share_sgml_dsssl_docbook_dsssl_nwalsh_print_docbook_dsl=no
ac_cv_file__sw_lib_sgml_stylesheet_dsssl_docbook_nwalsh_dtds_decls_xml_dcl=no
ac_cv_file__sw_lib_sgml_stylesheet_dsssl_docbook_nwalsh_html_docbook_dsl=no
ac_cv_file__sw_lib_sgml_stylesheet_dsssl_docbook_nwalsh_print_docbook_dsl=no
ac_cv_file__sw_lib_sgml_stylesheets_nwalsh_modular_dtds_decls_xml_dcl=no
ac_cv_file__sw_lib_sgml_stylesheets_nwalsh_modular_html_docbook_dsl=no
ac_cv_file__sw_lib_sgml_stylesheets_nwalsh_modular_print_docbook_dsl=no
ac_cv_file__sw_share_dsssl_docbook_dsssl_dtds_decls_xml_dcl=no
ac_cv_file__sw_share_dsssl_docbook_dsssl_html_docbook_dsl=no
ac_cv_file__sw_share_dsssl_docbook_dsssl_print_docbook_dsl=no
ac_cv_file__sw_share_sgml_declaration_xml_dcl=no
ac_cv_file__sw_share_sgml_docbook_dsssl_modular_dtds_decls_xml_dcl=no
ac_cv_file__sw_share_sgml_docbook_dsssl_modular_html_docbook_dsl=no
ac_cv_file__sw_share_sgml_docbook_dsssl_modular_print_docbook_dsl=no
ac_cv_file__sw_share_sgml_docbook_dsssl_stylesheets_1_p_dtds_decls_xml_dcl=no
ac_cv_file__sw_share_sgml_docbook_dsssl_stylesheets_1_p_html_docbook_dsl=no
ac_cv_file__sw_share_sgml_docbook_dsssl_stylesheets_1_p_print_docbook_dsl=no
ac_cv_file__sw_share_sgml_docbook_dsssl_stylesheets_dtds_decls_xml_dcl=no
ac_cv_file__sw_share_sgml_docbook_dsssl_stylesheets_html_docbook_dsl=no
ac_cv_file__sw_share_sgml_docbook_dsssl_stylesheets_print_docbook_dsl=no
ac_cv_file__sw_share_sgml_docbook_stylesheet_dsssl_modular_dtds_decls_xml_dcl=no
ac_cv_file__sw_share_sgml_docbook_stylesheet_dsssl_modular_html_docbook_dsl=no
ac_cv_file__sw_share_sgml_docbook_stylesheet_dsssl_modular_print_docbook_dsl=no
ac_cv_file__sw_share_sgml_dsssl_docbook_dsssl_nwalsh_dtds_decls_xml_dcl=no
ac_cv_file__sw_share_sgml_dsssl_docbook_dsssl_nwalsh_html_docbook_dsl=no
ac_cv_file__sw_share_sgml_dsssl_docbook_dsssl_nwalsh_print_docbook_dsl=no
ac_cv_file__usr_lib_sgml_stylesheet_dsssl_docbook_nwalsh_dtds_decls_xml_dcl=no
ac_cv_file__usr_lib_sgml_stylesheet_dsssl_docbook_nwalsh_html_docbook_dsl=no
ac_cv_file__usr_lib_sgml_stylesheet_dsssl_docbook_nwalsh_print_docbook_dsl=no
ac_cv_file__usr_lib_sgml_stylesheets_nwalsh_modular_dtds_decls_xml_dcl=no
ac_cv_file__usr_lib_sgml_stylesheets_nwalsh_modular_html_docbook_dsl=no
ac_cv_file__usr_lib_sgml_stylesheets_nwalsh_modular_print_docbook_dsl=no
ac_cv_file__usr_local_lib_sgml_stylesheet_dsssl_docbook_nwalsh_dtds_decls_xml_dcl=no
ac_cv_file__usr_local_lib_sgml_stylesheet_dsssl_docbook_nwalsh_html_docbook_dsl=no
ac_cv_file__usr_local_lib_sgml_stylesheet_dsssl_docbook_nwalsh_print_docbook_dsl=no
ac_cv_file__usr_local_lib_sgml_stylesheets_nwalsh_modular_dtds_decls_xml_dcl=no
ac_cv_file__usr_local_lib_sgml_stylesheets_nwalsh_modular_html_docbook_dsl=no
ac_cv_file__usr_local_lib_sgml_stylesheets_nwalsh_modular_print_docbook_dsl=no
ac_cv_file__usr_local_share_dsssl_docbook_dsssl_dtds_decls_xml_dcl=no
ac_cv_file__usr_local_share_dsssl_docbook_dsssl_html_docbook_dsl=no
ac_cv_file__usr_local_share_dsssl_docbook_dsssl_print_docbook_dsl=no
ac_cv_file__usr_local_share_sgml_declaration_xml_dcl=no
ac_cv_file__usr_local_share_sgml_docbook_dsssl_modular_dtds_decls_xml_dcl=no
ac_cv_file__usr_local_share_sgml_docbook_dsssl_modular_html_docbook_dsl=no
ac_cv_file__usr_local_share_sgml_docbook_dsssl_modular_print_docbook_dsl=no
ac_cv_file__usr_local_share_sgml_docbook_dsssl_stylesheets_1_p_dtds_decls_xml_dcl=no
ac_cv_file__usr_local_share_sgml_docbook_dsssl_stylesheets_1_p_html_docbook_dsl=no
ac_cv_file__usr_local_share_sgml_docbook_dsssl_stylesheets_1_p_print_docbook_dsl=no
ac_cv_file__usr_local_share_sgml_docbook_dsssl_stylesheets_dtds_decls_xml_dcl=no
ac_cv_file__usr_local_share_sgml_docbook_dsssl_stylesheets_html_docbook_dsl=no
ac_cv_file__usr_local_share_sgml_docbook_dsssl_stylesheets_print_docbook_dsl=no
ac_cv_file__usr_local_share_sgml_docbook_stylesheet_dsssl_modular_dtds_decls_xml_dcl=no
ac_cv_file__usr_local_share_sgml_docbook_stylesheet_dsssl_modular_html_docbook_dsl=no
ac_cv_file__usr_local_share_sgml_docbook_stylesheet_dsssl_modular_print_docbook_dsl=no
ac_cv_file__usr_local_share_sgml_dsssl_docbook_dsssl_nwalsh_dtds_decls_xml_dcl=no
ac_cv_file__usr_local_share_sgml_dsssl_docbook_dsssl_nwalsh_html_docbook_dsl=no
ac_cv_file__usr_local_share_sgml_dsssl_docbook_dsssl_nwalsh_print_docbook_dsl=no
ac_cv_file__usr_share_dsssl_docbook_dsssl_dtds_decls_xml_dcl=no
ac_cv_file__usr_share_dsssl_docbook_dsssl_html_docbook_dsl=no
ac_cv_file__usr_share_dsssl_docbook_dsssl_print_docbook_dsl=no
ac_cv_file__usr_share_sgml_declaration_xml_dcl=no
ac_cv_file__usr_share_sgml_docbook_dsssl_modular_dtds_decls_xml_dcl=no
ac_cv_file__usr_share_sgml_docbook_dsssl_modular_html_docbook_dsl=no
ac_cv_file__usr_share_sgml_docbook_dsssl_modular_print_docbook_dsl=no
ac_cv_file__usr_share_sgml_docbook_dsssl_stylesheets_1_p_dtds_decls_xml_dcl=no
ac_cv_file__usr_share_sgml_docbook_dsssl_stylesheets_1_p_html_docbook_dsl=no
ac_cv_file__usr_share_sgml_docbook_dsssl_stylesheets_1_p_print_docbook_dsl=no
ac_cv_file__usr_share_sgml_docbook_dsssl_stylesheets_dtds_decls_xml_dcl=no
ac_cv_file__usr_share_sgml_docbook_dsssl_stylesheets_html_docbook_dsl=no
ac_cv_file__usr_share_sgml_docbook_dsssl_stylesheets_print_docbook_dsl=no
ac_cv_file__usr_share_sgml_docbook_stylesheet_dsssl_modular_dtds_decls_xml_dcl=no
ac_cv_file__usr_share_sgml_docbook_stylesheet_dsssl_modular_html_docbook_dsl=no
ac_cv_file__usr_share_sgml_docbook_stylesheet_dsssl_modular_print_docbook_dsl=no
ac_cv_file__usr_share_sgml_dsssl_docbook_dsssl_nwalsh_dtds_decls_xml_dcl=no
ac_cv_file__usr_share_sgml_dsssl_docbook_dsssl_nwalsh_html_docbook_dsl=no
ac_cv_file__usr_share_sgml_dsssl_docbook_dsssl_nwalsh_print_docbook_dsl=no
ac_cv_func_backtrace=yes
ac_cv_func_gethostbyname_r=yes
ac_cv_func_getopt=yes
ac_cv_func_getopt_long=yes
ac_cv_func_gettimeofday=yes
ac_cv_func_gmtime_r=yes
ac_cv_func_initgroups=yes
ac_cv_func_localtime_r=yes
ac_cv_func_nftw=yes
ac_cv_func_regcomp=yes
ac_cv_func_select=yes
ac_cv_func_setpriority=yes
ac_cv_func_socket=yes
ac_cv_func_srandom=yes
ac_cv_func_strdup=yes
ac_cv_func_strtoll=yes
ac_cv_func_strtoq=yes
ac_cv_func_which_gethostname_r=6
ac_cv_header_dlfcn_h=yes
ac_cv_header_execinfo_h=yes
ac_cv_header_ftw_h=yes
ac_cv_header_getopt_h=yes
ac_cv_header_iconv_h=yes
ac_cv_header_inttypes_h=yes
ac_cv_header_memory_h=yes
ac_cv_header_net_if_h=yes
ac_cv_header_netinet_in_h=yes
ac_cv_header_openssl_crypto_h=yes
ac_cv_header_openssl_err_h=yes
ac_cv_header_openssl_hmac_h=yes
ac_cv_header_openssl_pem_h=yes
ac_cv_header_openssl_rsa_h=yes
ac_cv_header_openssl_ssl_h=yes
ac_cv_header_openssl_x509_h=yes
ac_cv_header_pthread_h=yes
ac_cv_header_regex_h=yes
ac_cv_header_stdc=yes
ac_cv_header_stdint_h=yes
ac_cv_header_stdlib_h=yes
ac_cv_header_string_h=yes
ac_cv_header_strings_h=yes
ac_cv_header_sys_ioctl_h=yes
ac_cv_header_sys_poll_h=yes
ac_cv_header_sys_socket_h=yes
ac_cv_header_sys_sockio_h=no
ac_cv_header_sys_stat_h=yes
ac_cv_header_sys_time_h=yes
ac_cv_header_sys_types_h=yes
ac_cv_header_sys_ucontext_h=yes
ac_cv_header_syslog_h=yes
ac_cv_header_unistd_h=yes
ac_cv_header_zlib_h=yes
ac_cv_host=x86_64-unknown-linux-gnu
ac_cv_lib_bind_inet_ntop=no
ac_cv_lib_crypto_HMAC_Update=yes
ac_cv_lib_iconv_libiconv=no
ac_cv_lib_m_log=yes
ac_cv_lib_nsl_inet_ntoa=yes
ac_cv_lib_pthread_pthread_exit=yes
ac_cv_lib_resolv_inet_ntop=yes
ac_cv_lib_rt_sem_init=yes
ac_cv_lib_socket_accept=no
ac_cv_lib_ssl_OPENSSL_init_ssl=yes
ac_cv_lib_ssl_SSL_connect=yes
ac_cv_objext=o
ac_cv_path_CONVERT=/usr/bin/convert
ac_cv_path_EGREP='/bin/grep -E'
ac_cv_path_FGREP='/bin/grep -F'
ac_cv_path_GREP=/bin/grep
ac_cv_path_OPENSSL=/usr/bin/openssl
ac_cv_path_PERL=/usr/bin/perl
ac_cv_path_SED=/bin/sed
ac_cv_path_XML_CONFIG=/usr/bin/xml2-config
ac_cv_path_install='/usr/bin/install -c'
ac_cv_path_lt_DD=/bin/dd
ac_cv_path_mkdir=/bin/mkdir
ac_cv_prog_AWK=gawk
ac_cv_prog_CONVERT=/usr/bin/convert
ac_cv_prog_CPP='gcc -E'
ac_cv_prog_DVIPS=no
ac_cv_prog_FIG2DEV=no
ac_cv_prog_JADETEX=no
ac_cv_prog_PDFJADETEX=no
ac_cv_prog_YACC='bison -y'
ac_cv_prog_ac_ct_AR=ar
ac_cv_prog_ac_ct_CC=gcc
ac_cv_prog_ac_ct_MANIFEST_TOOL=mt
ac_cv_prog_ac_ct_OBJDUMP=objdump
ac_cv_prog_ac_ct_RANLIB=ranlib
ac_cv_prog_ac_ct_STRIP=strip
ac_cv_prog_cc_c89=
ac_cv_prog_cc_c99=
ac_cv_prog_cc_g=yes
ac_cv_prog_make_make_set=yes
ac_cv_sizeof_int=4
ac_cv_sizeof_long=8
ac_cv_sizeof_long_long=8
ac_cv_sizeof_short=2
ac_cv_sys_file_offset_bits=no
ac_cv_sys_largefile_CC=no
acl_cv_path_LD='/usr/bin/ld -m elf_x86_64'
acl_cv_prog_gnu_ld=yes
acl_cv_rpath=done
am_cv_CC_dependencies_compiler_type=gcc3
am_cv_func_iconv=yes
am_cv_func_iconv_works=yes
am_cv_lib_iconv=no
am_cv_make_support_nested_variables=yes
am_cv_prog_cc_c_o=yes
am_cv_proto_iconv='extern size_t iconv (iconv_t cd, char * *inbuf, size_t *inbytesleft, char * *outbuf, size_t *outbytesleft);'
am_cv_proto_iconv_arg1=
gw_cv_func_HAVE_GETOPT_IN_STDIO_H=no
gw_cv_func_HAVE_GETOPT_IN_UNISTD_H=yes
gw_cv_type_HAVE_SOCKLEN_T=yes
lt_cv_ar_at_file=@
lt_cv_archive_cmds_need_lc=no
lt_cv_deplibs_check_method=pass_all
lt_cv_file_magic_cmd='$MAGIC_CMD'
lt_cv_file_magic_test_file=
lt_cv_ld_reload_flag=-r
lt_cv_nm_interface='BSD nm'
lt_cv_objdir=.libs
lt_cv_path_LD=/usr/bin/ld
lt_cv_path_NM='/usr/bin/nm -B'
lt_cv_path_mainfest_tool=no
lt_cv_prog_compiler_c_o=yes
lt_cv_prog_compiler_pic='-fPIC -DPIC'
lt_cv_prog_compiler_pic_works=yes
lt_cv_prog_compiler_rtti_exceptions=no
lt_cv_prog_compiler_static_works=yes
lt_cv_prog_gnu_ld=yes
lt_cv_sharedlib_from_linklib_cmd='printf %s\n'
lt_cv_shlibpath_overrides_runpath=yes
lt_cv_sys_global_symbol_pipe='sed -n -e '\''s/^.*[	 ]\([ABCDGIRSTW][ABCDGIRSTW]*\)[	 ][	 ]*\([_A-Za-z][_A-Za-z0-9]*\)$/\1 \2 \2/p'\'' | sed '\''/ __gnu_lto/d'\'''
lt_cv_sys_global_symbol_to_c_name_address='sed -n -e '\''s/^: \(.*\) .*$/  {"\1", (void *) 0},/p'\'' -e '\''s/^[ABCDGIRSTW][ABCDGIRSTW]* .* \(.*\)$/  {"\1", (void *) \&\1},/p'\'''
lt_cv_sys_global_symbol_to_c_name_address_lib_prefix='sed -n -e '\''s/^: \(.*\) .*$/  {"\1", (void *) 0},/p'\'' -e '\''s/^[ABCDGIRSTW][ABCDGIRSTW]* .* \(lib.*\)$/  {"\1", (void *) \&\1},/p'\'' -e '\''s/^[ABCDGIRSTW][ABCDGIRSTW]* .* \(.*\)$/  {"lib\1", (void *) \&\1},/p'\'''
lt_cv_sys_global_symbol_to_cdecl='sed -n -e '\''s/^T .* \(.*\)$/extern int \1();/p'\'' -e '\''s/^[ABCDGIRSTW][ABCDGIRSTW]* .* \(.*\)$/extern char \1;/p'\'''
lt_cv_sys_global_symbol_to_import=
lt_cv_sys_max_cmd_len=1572864
lt_cv_to_host_file_cmd=func_convert_file_noop
lt_cv_to_tool_file_cmd=func_convert_file_noop
lt_cv_truncate_bin='/bin/dd bs=4096 count=1'

## ----------------- ##
## Output variables. ##
## ----------------- ##

ACLOCAL='${SHELL} /home/shubham/Documents/shubham/ksmppd/kannel-svn-trunk/missing aclocal-1.15'
AMDEPBACKSLASH='\'
AMDEP_FALSE='#'
AMDEP_TRUE=''
AMTAR='$${TAR-tar}'
AM_BACKSLASH='\'
AM_DEFAULT_V='$(AM_DEFAULT_VERBOSITY)'
AM_DEFAULT_VERBOSITY='1'
AM_V='$(V)'
AR='ar'
AUTOCONF='${SHELL} /home/shubham/Documents/shubham/ksmppd/kannel-svn-trunk/missing autoconf'
AUTOHEADER='${SHELL} /home/shubham/Documents/shubham/ksmppd/kannel-svn-trunk/missing autoheader'
AUTOMAKE='${SHELL} /home/shubham/Documents/shubham/ksmppd/kannel-svn-trunk/missing automake-1.15'
AWK='gawk'
BUILD_STARTSTOPDAEMON_FALSE=''
BUILD_STARTSTOPDAEMON_TRUE='#'
CC='gcc'
CCDEPMODE='depmode=gcc3'
CFLAGS='-g -O2 -D_XOPEN_SOURCE=600 -D_BSD_SOURCE -D_DEFAULT_SOURCE -D_LARGE_FILES= -I/usr/include/libxml2 -I/usr/include/openssl'
CONVERT='/usr/bin/convert'
CPP='gcc -E'
CPPFLAGS=''
CYGPATH_W='echo'
DEFS='-DHAVE_CONFIG_H'
DEPDIR='.deps'
DLLTOOL='false'
DOCDRAFTS='IGNORE'
DOCSTARGET='no-docs'
DSYMUTIL=''
DUMPBIN=''
DVIPS='no'
ECHO_C=''
ECHO_N='-n'
ECHO_T=''
EGREP='/bin/grep -E'
EXEEXT=''
EXE_EXT=''
FGREP='/bin/grep -F'
FIG2DEV='no'
GREP='/bin/grep'
GSOAP_SHARE=''
GW_VERSION=''
HTML_DSL=''
INSTALL_DATA='${INSTALL} -m 644'
INSTALL_PROGRAM='${INSTALL}'
INSTALL_SCRIPT='${INSTALL}'
INSTALL_STRIP_PROGRAM='$(install_sh) -c -s'
JADE='no'
JADETEX='no'
LD='/usr/bin/ld -m elf_x86_64'
LDFLAGS=' -rdynamic'
LEX=':'
LEXLIB=''
LEX_OUTPUT_ROOT=''
LIBICONV=''
LIBOBJS=''
LIBS='-lssl -lrt -lresolv -lnsl -lm  -lpthread -lxml2 -L/usr/lib/gcc/x86_64-linux-gnu/7/../../../x86_64-linux-gnu -lcrypto -lssl'
LIBTOOL='$(SHELL) $(top_builddir)/libtool'
LIPO=''
LN_S='ln -s'
LTLIBICONV=''
LTLIBOBJS=''
LT_SYS_LIBRARY_PATH=''
MAKEINFO='${SHELL} /home/shubham/Documents/shubham/ksmppd/kannel-svn-trunk/missing makeinfo'
MANIFEST_TOOL=':'
MKDIR_P='/bin/mkdir -p'
MYSQL_CONFIG=''
NM='/usr/bin/nm -B'
NMEDIT=''
OBJDUMP='objdump'
OBJEXT='o'
OPENSSL='/usr/bin/openssl'
OTOOL64=''
OTOOL=''
PACKAGE='Kannel'
PACKAGE_BUGREPORT=''
PACKAGE_NAME=''
PACKAGE_STRING=''
PACKAGE_TARNAME=''
PACKAGE_URL=''
PACKAGE_VERSION=''
PATH_SEPARATOR=':'
PCRE_CONFIG=''
PDFJADETEX='no'
PERL='/usr/bin/perl'
PGSQL_CONFIG=''
PKGADD_NAME='Kannel - WAP and SMS gateway'
PKGADD_PKG='KANNELgateway'
PKGADD_VENDOR='www.kannel.org'
RANLIB='ranlib'
REDIS_CONFIG=''
SDB_CONFIG=''
SED='/bin/sed'
SET_MAKE=''
SHELL='/bin/bash'
SIZEOF_INT='4'
SIZEOF_LONG='8'
SIZEOF_LONG_LONG='8'
SIZEOF_SHORT='2'
SOAPCPP=''
SOAP_INCLUDE=''
SQLITE3=''
SQLITE=''
STRIP='strip'
TEX_DSL=''
VERSION='svn-r5297M'
WSDL2H=''
XML_CONFIG='/usr/bin/xml2-config'
XML_DCL=''
YACC='bison -y'
YFLAGS=''
ac_ct_AR='ar'
ac_ct_CC='gcc'
ac_ct_DUMPBIN=''
am__EXEEXT_FALSE=''
am__EXEEXT_TRUE='#'
am__fastdepCC_FALSE='#'
am__fastdepCC_TRUE=''
am__include='include'
am__isrc=''
am__leading_dot='.'
am__nodep='_no'
am__quote=''
am__tar='$${TAR-tar} chof - "$$tardir"'
am__untar='$${TAR-tar} xf -'
bindir='${exec_prefix}/bin'
build='x86_64-unknown-linux-gnu'
build_alias=''
build_cpu='x86_64'
build_os='linux-gnu'
build_vendor='unknown'
datadir='${datarootdir}'
datarootdir='${prefix}/share'
docdir='${prefix}/share/doc/kannel'
dvidir='${docdir}'
exec_prefix='${prefix}'
host='x86_64-unknown-linux-gnu'
host_alias=''
host_cpu='x86_64'
host_os='linux-gnu'
host_vendor='unknown'
htmldir='${docdir}'
includedir='${prefix}/include'
infodir='${datarootdir}/info'
install_sh='${SHELL} /home/shubham/Documents/shubham/ksmppd/kannel-svn-trunk/install-sh'
libdir='${exec_prefix}/lib'
libexecdir='${exec_prefix}/libexec'
localedir='${datarootdir}/locale'
localstatedir='${prefix}/var'
mandir='${datarootdir}/man'
mkdir_p='$(MKDIR_P)'
oldincludedir='/usr/include'
pdfdir='${docdir}'
prefix='/usr/local'
program_transform_name='s,x,x,'
psdir='${docdir}'
runstatedir='${localstatedir}/run'
sbindir='${exec_prefix}/sbin'
sharedstatedir='${prefix}/com'
sysconfdir='${prefix}/etc'
target_alias=''

## ----------- ##
## confdefs.h. ##
## ----------- ##

/* confdefs.h */
#define PACKAGE_NAME ""
#define PACKAGE_TARNAME ""
#define PACKAGE_VERSION ""
#define PACKAGE_STRING ""
#define PACKAGE_BUGREPORT ""
#define PACKAGE_URL ""
#define GW_NAME "Kannel"
#define GW_VERSION "svn-r5297M"
#define PACKAGE "Kannel"
#define VERSION "svn-r5297M"
#define STDC_HEADERS 1
#define HAVE_SYS_TYPES_H 1
#define HAVE_SYS_STAT_H 1
#define HAVE_STDLIB_H 1
#define HAVE_STRING_H 1
#define HAVE_MEMORY_H 1
#define HAVE_STRINGS_H 1
#define HAVE_INTTYPES_H 1
#define HAVE_STDINT_H 1
#define HAVE_UNISTD_H 1
#define HAVE_DLFCN_H 1
#define LT_OBJDIR ".libs/"
#define SIZEOF_SHORT 2
#define SIZEOF_INT 4
#define SIZEOF_LONG 8
#define SIZEOF_LONG_LONG 8
#define HAVE_LIBM 1
#define HAVE_LIBNSL 1
#define HAVE_LIBRESOLV 1
#define STDC_HEADERS 1
#define HAVE_SYS_IOCTL_H 1
#define HAVE_SYS_TIME_H 1
#define HAVE_SYS_TYPES_H 1
#define HAVE_UNISTD_H 1
#define HAVE_SYS_POLL_H 1
#define HAVE_PTHREAD_H 1
#define HAVE_GETOPT_H 1
#define HAVE_SYSLOG_H 1
#define HAVE_ICONV_H 1
#define HAVE_ZLIB_H 1
#define HAVE_EXECINFO_H 1
#define HAVE_STDLIB_H 1
#define HAVE_SYS_SOCKET_H 1
#define HAVE_NETINET_IN_H 1
#define HAVE_NET_IF_H 1
#define HAVE_SYS_UCONTEXT_H 1
#define HAVE___FUNCTION__ 1
#define HAVE___FUNC__ 1
#define HAVE_ICONV 1
#define ICONV_CONST 
#define HAVE_GETTIMEOFDAY 1
#define HAVE_SELECT 1
#define HAVE_SOCKET 1
#define HAVE_STRDUP 1
#define HAVE_GETOPT_LONG 1
#define HAVE_LOCALTIME_R 1
#define HAVE_GMTIME_R 1
#define HAVE_BACKTRACE 1
#define HAVE_SRANDOM 1
#define HAVE_STRTOLL 1
#define HAVE_STRTOQ 1
#define HAVE_SETPRIORITY 1
#define HAVE_INITGROUPS 1
#define HAVE_FUNC_GETHOSTBYNAME_R_6 1
#define HAVE_SOCKLEN_T 1
#define HAVE_GETOPT_IN_UNISTD_H 1
#define HAVE_FTW_H 1
#define HAVE_NFTW 1
#define HAVE_REGEX_H 1
#define HAVE_REGEX 1
#define HAVE_PTHREAD_SPINLOCK_T 1
#define HAVE_PTHREAD_RWLOCK 1
#define HAVE_LIBRT 1
#define HAVE_SEMAPHORE 1
#define USE_GWMEM_NATIVE 1
#define LOG_TIMESTAMP_LOCALTIME 1
#define ENABLE_COOKIES 1
#define USE_KEEPALIVE 1
#define HAVE_LIBSSL 1
#define HAVE_OPENSSL_X509_H 1
#define HAVE_OPENSSL_RSA_H 1
#define HAVE_OPENSSL_CRYPTO_H 1
#define HAVE_OPENSSL_PEM_H 1
#define HAVE_OPENSSL_SSL_H 1
#define HAVE_OPENSSL_ERR_H 1
#define HAVE_OPENSSL_HMAC_H 1
#define HAVE_LIBSSL 1

configure: exit 0
